
 /----------------------------------------------------------------------------\
 |                                                                            |
 |  yosys -- Yosys Open SYnthesis Suite                                       |
 |                                                                            |
 |  Copyright (C) 2012 - 2020  Claire Xenia Wolf <claire@yosyshq.com>         |
 |                                                                            |
 |  Permission to use, copy, modify, and/or distribute this software for any  |
 |  purpose with or without fee is hereby granted, provided that the above    |
 |  copyright notice and this permission notice appear in all copies.         |
 |                                                                            |
 |  THE SOFTWARE IS PROVIDED "AS IS" AND THE AUTHOR DISCLAIMS ALL WARRANTIES  |
 |  WITH REGARD TO THIS SOFTWARE INCLUDING ALL IMPLIED WARRANTIES OF          |
 |  MERCHANTABILITY AND FITNESS. IN NO EVENT SHALL THE AUTHOR BE LIABLE FOR   |
 |  ANY SPECIAL, DIRECT, INDIRECT, OR CONSEQUENTIAL DAMAGES OR ANY DAMAGES    |
 |  WHATSOEVER RESULTING FROM LOSS OF USE, DATA OR PROFITS, WHETHER IN AN     |
 |  ACTION OF CONTRACT, NEGLIGENCE OR OTHER TORTIOUS ACTION, ARISING OUT OF   |
 |  OR IN CONNECTION WITH THE USE OR PERFORMANCE OF THIS SOFTWARE.            |
 |                                                                            |
 \----------------------------------------------------------------------------/

 Yosys 0.37+1 (git sha1 e1f4c5c9cbb, clang  -fPIC -Os)


-- Executing script file `design_prep.ys' --

1. Executing RTLIL frontend.
Input filename: design.il

2. Executing SCC pass (detecting logic loops).
Found 0 SCCs in module top.
Found 0 SCCs in module cfblk95.
Found 0 SCCs in module cfblk93.
Found 0 SCCs in module cfblk9.
Found 0 SCCs in module cfblk75.
Found 0 SCCs in module cfblk7.
Found 0 SCCs in module cfblk65.
Found 0 SCCs in module cfblk63_block.
Found 0 SCCs in module cfblk63.
Found 0 SCCs in module cfblk60.
Found 0 SCCs in module cfblk6.
Found 0 SCCs in module cfblk54.
Found 0 SCCs in module cfblk52.
Found 0 SCCs in module cfblk46.
Found 0 SCCs in module cfblk45.
Found 0 SCCs in module cfblk39_block.
Found 0 SCCs in module cfblk39.
Found 0 SCCs in module cfblk38.
Found 0 SCCs in module cfblk37.
Found 0 SCCs in module cfblk30.
Found 0 SCCs in module cfblk2_block.
Found 0 SCCs in module cfblk27.
Found 0 SCCs in module cfblk23.
Found 0 SCCs in module cfblk220.
Found 0 SCCs in module cfblk217.
Found 0 SCCs in module cfblk216.
Found 0 SCCs in module cfblk214.
Found 0 SCCs in module cfblk213.
Found 0 SCCs in module cfblk209.
Found 0 SCCs in module cfblk206.
Found 0 SCCs in module cfblk204.
Found 0 SCCs in module cfblk2.
Found 0 SCCs in module cfblk19.
Found 0 SCCs in module cfblk174.
Found 0 SCCs in module cfblk17.
Found 0 SCCs in module cfblk161.
Found 0 SCCs in module cfblk160.
Found 0 SCCs in module cfblk153_block.
Found 0 SCCs in module cfblk153.
Found 0 SCCs in module cfblk150.
Found 0 SCCs in module cfblk147.
Found 0 SCCs in module cfblk14.
Found 0 SCCs in module cfblk136.
Found 0 SCCs in module cfblk135.
Found 0 SCCs in module cfblk133.
Found 0 SCCs in module cfblk131.
Found 0 SCCs in module cfblk130_block.
Found 0 SCCs in module cfblk130.
Found 0 SCCs in module cfblk127.
Found 0 SCCs in module cfblk124.
Found 0 SCCs in module cfblk11_block.
Found 0 SCCs in module cfblk11.
Found 0 SCCs in module cfblk103_block.
Found 0 SCCs in module cfblk103.
Found 0 SCCs in module cfblk10.
Found 0 SCCs in module cfblk1.
Found 0 SCCs in module Subsystem_2.
Found 0 SCCs in module Subsystem_1.
Found 0 SCCs in module Nonpositive.
Found 0 SCCs in module DotProduct_block4.
Found 0 SCCs in module DotProduct_block3.
Found 0 SCCs in module DotProduct_block2.
Found 0 SCCs in module DotProduct_block1.
Found 0 SCCs in module DotProduct_block.
Found 0 SCCs in module DotProduct.
Found 0 SCCs.

3. Executing SIMPLEMAP pass (map simple cells to gate primitives).

4. Executing MEMORY_NORDFF pass (extracting $dff cells from memories).

5. Executing CLK2FFLOGIC pass (convert clocked FFs to generic $ff cells).
Replacing top.$procdff$10476 ($dff): CLK=\clk, D=1'1, Q=$formal$/doc/zgl/resamplesource/5.22_183/Verilog_hdlsrc/sampleModel71194_pp_7_1_sub_o9_2/yosys/top.v:12$121_EN
Replacing top.$procdff$10475 ($dff): CLK=\clk, D=$0$formal$/doc/zgl/resamplesource/5.22_183/Verilog_hdlsrc/sampleModel71194_pp_7_1_sub_o9_2/yosys/top.v:12$121_CHECK[0:0]$123, Q=$formal$/doc/zgl/resamplesource/5.22_183/Verilog_hdlsrc/sampleModel71194_pp_7_1_sub_o9_2/yosys/top.v:12$121_CHECK
Replacing cfblk95.$procdff$9547 ($adff): CLK=\clk, D=$0\cfblk95_out1_last_value[7:0], Q=\cfblk95_out1_last_value
Replacing cfblk93.$procdff$9560 ($adff): CLK=\clk, D=$0\cfblk93_out1_last_value[7:0], Q=\cfblk93_out1_last_value
Replacing cfblk93.$procdff$9559 ($adff): CLK=\clk, D=$0\cfblk93_out2_last_value[7:0], Q=\cfblk93_out2_last_value
Replacing cfblk9.$procdff$9569 ($adff): CLK=\clk, D=$0\U_k_1[7:0], Q=\U_k_1
Replacing cfblk65.$procdff$9551 ($adff): CLK=\clk, D=$0\cfblk65_out1_last_value[7:0], Q=\cfblk65_out1_last_value
Replacing cfblk65.$procdff$9550 ($adff): CLK=\clk, D=$0\cfblk65_out2_last_value[7:0], Q=\cfblk65_out2_last_value
Replacing cfblk63_block.$procdff$9549 ($adff): CLK=\clk, D=$0\cfblk63_out1_last_value[7:0], Q=\cfblk63_out1_last_value
Replacing cfblk6.$procdff$9565 ($adff): CLK=\clk, D=$0\cfblk6_out1_last_value[0:0], Q=\cfblk6_out1_last_value
Replacing cfblk54.$procdff$9553 ($adff): CLK=\clk, D=$0\cfblk54_out1_last_value[7:0], Q=\cfblk54_out1_last_value
Replacing cfblk46.$procdff$9573 ($adff): CLK=\clk, D=$0\cfblk46_out1_last_value[7:0], Q=\cfblk46_out1_last_value
Replacing cfblk45.$procdff$9577 ($adff): CLK=\clk, D=$0\cfblk45_out1_last_value[7:0], Q=\cfblk45_out1_last_value
Replacing cfblk39_block.$procdff$9546 ($adff): CLK=\clk, D=$0\cfblk39_out1_last_value[7:0], Q=\cfblk39_out1_last_value
Replacing cfblk37.$procdff$9568 ($adff): CLK=\clk, D=$0\cfblk37_out1_last_value[7:0], Q=\cfblk37_out1_last_value
Replacing cfblk30.$procdff$9581 ($adff): CLK=\clk, D=$0\cfblk30_out1_last_value[7:0], Q=\cfblk30_out1_last_value
Replacing cfblk30.$procdff$9580 ($adff): CLK=\clk, D=$0\cfblk30_out2_last_value[7:0], Q=\cfblk30_out2_last_value
Replacing cfblk2_block.$procdff$9576 ($adff): CLK=\clk, D=$0\cfblk2_out1_last_value[7:0], Q=\cfblk2_out1_last_value
Replacing cfblk27.$procdff$9548 ($adff): CLK=\clk, D=$0\cfblk27_out1_last_value[7:0], Q=\cfblk27_out1_last_value
Replacing cfblk23.$procdff$10479 ($adff): CLK=\clk, D=$0\cfblk23_out1_last_value[7:0], Q=\cfblk23_out1_last_value
Replacing cfblk220.$procdff$9567 ($adff): CLK=\clk, D=$0\cfblk220_out1_last_value[7:0], Q=\cfblk220_out1_last_value
Replacing cfblk217.$procdff$9557 ($adff): CLK=\clk, D=$0\cfblk217_out1_last_value[7:0], Q=\cfblk217_out1_last_value
Replacing cfblk216.$procdff$9571 ($adff): CLK=\clk, D=$0\cfblk216_out1_last_value[7:0], Q=\cfblk216_out1_last_value
Replacing cfblk214.$procdff$9566 ($adff): CLK=\clk, D=$0\cfblk214_out1_last_value[7:0], Q=\cfblk214_out1_last_value
Replacing cfblk213.$procdff$9564 ($adff): CLK=\clk, D=$0\cfblk213_out1_last_value[0:0], Q=\cfblk213_out1_last_value
Replacing cfblk209.$procdff$9558 ($adff): CLK=\clk, D=$0\cfblk209_out1_last_value[0:0], Q=\cfblk209_out1_last_value
Replacing cfblk206.$procdff$9574 ($adff): CLK=\clk, D=$0\cfblk206_out1_last_value[7:0], Q=\cfblk206_out1_last_value
Replacing cfblk204.$procdff$9572 ($adff): CLK=\clk, D=$0\cfblk204_out1_last_value[7:0], Q=\cfblk204_out1_last_value
Replacing cfblk19.$procdff$9575 ($adff): CLK=\clk, D=$0\cfblk19_out2_last_value[7:0], Q=\cfblk19_out2_last_value
Replacing cfblk174.$procdff$9589 ($adff): CLK=\clk, D=$0\cfblk174_reg[1][7:0], Q=\cfblk174_reg[1]
Replacing cfblk174.$procdff$9588 ($adff): CLK=\clk, D=$0\cfblk174_reg[0][7:0], Q=\cfblk174_reg[0]
Replacing cfblk174.$procdff$9583 ($adff): CLK=\clk, D=$0\cfblk174_out1_last_value[7:0], Q=\cfblk174_out1_last_value
Replacing cfblk17.$procdff$9578 ($adff): CLK=\clk, D=$0\cfblk17_out1_last_value[7:0], Q=\cfblk17_out1_last_value
Replacing cfblk153_block.$procdff$9563 ($adff): CLK=\clk, D=$0\cfblk153_out1_last_value[7:0], Q=\cfblk153_out1_last_value
Replacing cfblk150.$procdff$9570 ($adff): CLK=\clk, D=$0\cfblk150_out1_last_value[7:0], Q=\cfblk150_out1_last_value
Replacing cfblk147.$procdff$9561 ($adff): CLK=\clk, D=$0\cfblk147_out1_last_value[7:0], Q=\cfblk147_out1_last_value
Replacing cfblk14.$procdff$9582 ($adff): CLK=\clk, D=$0\U_k_1[0:0], Q=\U_k_1
Replacing cfblk136.$procdff$10481 ($adff): CLK=\clk, D=$0\cfblk136_out1_last_value[7:0], Q=\cfblk136_out1_last_value
Replacing cfblk135.$procdff$9556 ($adff): CLK=\clk, D=$0\cfblk135_out1_last_value[15:0], Q=\cfblk135_out1_last_value
Replacing cfblk133.$procdff$9562 ($adff): CLK=\clk, D=$0\cfblk133_out1_last_value[7:0], Q=\cfblk133_out1_last_value
Replacing cfblk131.$procdff$9552 ($adff): CLK=\clk, D=$0\cfblk131_out1_last_value[7:0], Q=\cfblk131_out1_last_value
Replacing cfblk130_block.$procdff$10478 ($adff): CLK=\clk, D=$0\cfblk130_out1_last_value[7:0], Q=\cfblk130_out1_last_value
Replacing cfblk127.$procdff$9555 ($adff): CLK=\clk, D=$0\cfblk127_out1_last_value[7:0], Q=\cfblk127_out1_last_value
Replacing cfblk127.$procdff$9554 ($adff): CLK=\clk, D=$0\cfblk127_out2_last_value[7:0], Q=\cfblk127_out2_last_value
Replacing cfblk11_block.$procdff$10480 ($adff): CLK=\clk, D=$0\cfblk11_out1_last_value[7:0], Q=\cfblk11_out1_last_value
Replacing cfblk11.$procdff$10477 ($adff): CLK=\clk, D=$0\U_k_1[7:0], Q=\U_k_1
Replacing cfblk103_block.$procdff$9579 ($adff): CLK=\clk, D=$0\cfblk103_out1_last_value[7:0], Q=\cfblk103_out1_last_value
Replacing cfblk1.$procdff$9590 ($adff): CLK=\clk, D=$0\cfblk1_out1_last_value[7:0], Q=\cfblk1_out1_last_value
Replacing Subsystem_2.$procdff$9999 ($adff): CLK=\clk, D=$0\emi_210_reg[0][5:5], Q=\emi_210_reg[0] [5]
Replacing Subsystem_2.$procdff$9998 ($adff): CLK=\clk, D=$0\emi_210_reg[0][6:6], Q=\emi_210_reg[0] [6]
Replacing Subsystem_2.$procdff$9997 ($adff): CLK=\clk, D=$0\emi_210_reg[0][7:7], Q=\emi_210_reg[0] [7]
Replacing Subsystem_2.$procdff$9996 ($adff): CLK=\clk, D=$0\emi_210_reg[1][0:0], Q=\emi_210_reg[1] [0]
Replacing Subsystem_2.$procdff$9995 ($adff): CLK=\clk, D=$0\emi_210_reg[1][1:1], Q=\emi_210_reg[1] [1]
Replacing Subsystem_2.$procdff$9994 ($adff): CLK=\clk, D=$0\emi_210_reg[1][2:2], Q=\emi_210_reg[1] [2]
Replacing Subsystem_2.$procdff$9993 ($adff): CLK=\clk, D=$0\emi_210_reg[1][3:3], Q=\emi_210_reg[1] [3]
Replacing Subsystem_2.$procdff$9992 ($adff): CLK=\clk, D=$0\emi_210_reg[1][4:4], Q=\emi_210_reg[1] [4]
Replacing Subsystem_2.$procdff$9991 ($adff): CLK=\clk, D=$0\emi_210_reg[1][5:5], Q=\emi_210_reg[1] [5]
Replacing Subsystem_2.$procdff$9990 ($adff): CLK=\clk, D=$0\emi_210_reg[1][6:6], Q=\emi_210_reg[1] [6]
Replacing Subsystem_2.$procdff$9989 ($adff): CLK=\clk, D=$0\emi_210_reg[1][7:7], Q=\emi_210_reg[1] [7]
Replacing Subsystem_2.$procdff$9988 ($adff): CLK=\clk, D=$0\cfblk197_reg[0][0:0], Q=\cfblk197_reg[0] [0]
Replacing Subsystem_2.$procdff$9987 ($adff): CLK=\clk, D=$0\cfblk197_reg[0][1:1], Q=\cfblk197_reg[0] [1]
Replacing Subsystem_2.$procdff$9986 ($adff): CLK=\clk, D=$0\cfblk197_reg[0][2:2], Q=\cfblk197_reg[0] [2]
Replacing Subsystem_2.$procdff$9985 ($adff): CLK=\clk, D=$0\cfblk197_reg[0][3:3], Q=\cfblk197_reg[0] [3]
Replacing Subsystem_2.$procdff$9984 ($adff): CLK=\clk, D=$0\cfblk197_reg[0][4:4], Q=\cfblk197_reg[0] [4]
Replacing Subsystem_2.$procdff$9983 ($adff): CLK=\clk, D=$0\cfblk197_reg[0][5:5], Q=\cfblk197_reg[0] [5]
Replacing Subsystem_2.$procdff$9982 ($adff): CLK=\clk, D=$0\cfblk197_reg[0][6:6], Q=\cfblk197_reg[0] [6]
Replacing Subsystem_2.$procdff$9981 ($adff): CLK=\clk, D=$0\cfblk197_reg[0][7:7], Q=\cfblk197_reg[0] [7]
Replacing Subsystem_2.$procdff$9980 ($adff): CLK=\clk, D=$0\cfblk197_reg[1][0:0], Q=\cfblk197_reg[1] [0]
Replacing Subsystem_2.$procdff$9979 ($adff): CLK=\clk, D=$0\cfblk197_reg[1][1:1], Q=\cfblk197_reg[1] [1]
Replacing Subsystem_2.$procdff$9978 ($adff): CLK=\clk, D=$0\cfblk197_reg[1][2:2], Q=\cfblk197_reg[1] [2]
Replacing Subsystem_2.$procdff$9977 ($adff): CLK=\clk, D=$0\cfblk197_reg[1][3:3], Q=\cfblk197_reg[1] [3]
Replacing Subsystem_2.$procdff$9976 ($adff): CLK=\clk, D=$0\cfblk197_reg[1][4:4], Q=\cfblk197_reg[1] [4]
Replacing Subsystem_2.$procdff$9975 ($adff): CLK=\clk, D=$0\cfblk197_reg[1][5:5], Q=\cfblk197_reg[1] [5]
Replacing Subsystem_2.$procdff$9974 ($adff): CLK=\clk, D=$0\cfblk197_reg[1][6:6], Q=\cfblk197_reg[1] [6]
Replacing Subsystem_2.$procdff$9973 ($adff): CLK=\clk, D=$0\cfblk197_reg[1][7:7], Q=\cfblk197_reg[1] [7]
Replacing Subsystem_2.$procdff$9972 ($adff): CLK=\clk, D=$0\cfblk178_reg_reg[0][0][0:0], Q=\cfblk178_reg_reg[0][0]
Replacing Subsystem_2.$procdff$9971 ($adff): CLK=\clk, D=$0\cfblk178_reg_reg[1][0][0:0], Q=\cfblk178_reg_reg[1][0]
Replacing Subsystem_2.$procdff$9970 ($adff): CLK=\clk, D=$0\emi_40_reg[0][0:0], Q=\emi_40_reg[0] [0]
Replacing Subsystem_2.$procdff$9969 ($adff): CLK=\clk, D=$0\emi_40_reg[0][1:1], Q=\emi_40_reg[0] [1]
Replacing Subsystem_2.$procdff$9968 ($adff): CLK=\clk, D=$0\emi_40_reg[0][2:2], Q=\emi_40_reg[0] [2]
Replacing Subsystem_2.$procdff$9967 ($adff): CLK=\clk, D=$0\emi_40_reg[0][3:3], Q=\emi_40_reg[0] [3]
Replacing Subsystem_2.$procdff$9966 ($adff): CLK=\clk, D=$0\emi_40_reg[0][4:4], Q=\emi_40_reg[0] [4]
Replacing Subsystem_2.$procdff$9965 ($adff): CLK=\clk, D=$0\emi_40_reg[0][5:5], Q=\emi_40_reg[0] [5]
Replacing Subsystem_2.$procdff$9964 ($adff): CLK=\clk, D=$0\emi_40_reg[0][6:6], Q=\emi_40_reg[0] [6]
Replacing Subsystem_2.$procdff$9963 ($adff): CLK=\clk, D=$0\emi_40_reg[0][7:7], Q=\emi_40_reg[0] [7]
Replacing Subsystem_2.$procdff$9962 ($adff): CLK=\clk, D=$0\emi_40_reg[1][0:0], Q=\emi_40_reg[1] [0]
Replacing Subsystem_2.$procdff$9961 ($adff): CLK=\clk, D=$0\emi_40_reg[1][1:1], Q=\emi_40_reg[1] [1]
Replacing Subsystem_2.$procdff$9960 ($adff): CLK=\clk, D=$0\emi_40_reg[1][2:2], Q=\emi_40_reg[1] [2]
Replacing Subsystem_2.$procdff$9959 ($adff): CLK=\clk, D=$0\emi_40_reg[1][3:3], Q=\emi_40_reg[1] [3]
Replacing Subsystem_2.$procdff$9958 ($adff): CLK=\clk, D=$0\emi_40_reg[1][4:4], Q=\emi_40_reg[1] [4]
Replacing Subsystem_2.$procdff$9957 ($adff): CLK=\clk, D=$0\emi_40_reg[1][5:5], Q=\emi_40_reg[1] [5]
Replacing Subsystem_2.$procdff$9956 ($adff): CLK=\clk, D=$0\emi_40_reg[1][6:6], Q=\emi_40_reg[1] [6]
Replacing Subsystem_2.$procdff$9955 ($adff): CLK=\clk, D=$0\emi_40_reg[1][7:7], Q=\emi_40_reg[1] [7]
Replacing Subsystem_2.$procdff$9954 ($adff): CLK=\clk, D=$0\emi_228_reg[0][0:0], Q=\emi_228_reg[0] [0]
Replacing Subsystem_2.$procdff$9953 ($adff): CLK=\clk, D=$0\emi_228_reg[0][1:1], Q=\emi_228_reg[0] [1]
Replacing Subsystem_2.$procdff$9952 ($adff): CLK=\clk, D=$0\emi_228_reg[0][2:2], Q=\emi_228_reg[0] [2]
Replacing Subsystem_2.$procdff$9951 ($adff): CLK=\clk, D=$0\emi_228_reg[0][3:3], Q=\emi_228_reg[0] [3]
Replacing Subsystem_2.$procdff$9950 ($adff): CLK=\clk, D=$0\emi_228_reg[0][4:4], Q=\emi_228_reg[0] [4]
Replacing Subsystem_2.$procdff$9949 ($adff): CLK=\clk, D=$0\emi_228_reg[0][5:5], Q=\emi_228_reg[0] [5]
Replacing Subsystem_2.$procdff$9948 ($adff): CLK=\clk, D=$0\emi_228_reg[0][6:6], Q=\emi_228_reg[0] [6]
Replacing Subsystem_2.$procdff$9947 ($adff): CLK=\clk, D=$0\emi_228_reg[0][7:7], Q=\emi_228_reg[0] [7]
Replacing Subsystem_2.$procdff$10474 ($adff): CLK=\clk, D=$0\emi_228_reg[1][0:0], Q=\emi_228_reg[1] [0]
Replacing Subsystem_2.$procdff$10473 ($adff): CLK=\clk, D=$0\emi_228_reg[1][1:1], Q=\emi_228_reg[1] [1]
Replacing Subsystem_2.$procdff$10472 ($adff): CLK=\clk, D=$0\emi_228_reg[1][2:2], Q=\emi_228_reg[1] [2]
Replacing Subsystem_2.$procdff$10471 ($adff): CLK=\clk, D=$0\emi_228_reg[1][3:3], Q=\emi_228_reg[1] [3]
Replacing Subsystem_2.$procdff$10470 ($adff): CLK=\clk, D=$0\emi_228_reg[1][4:4], Q=\emi_228_reg[1] [4]
Replacing Subsystem_2.$procdff$10469 ($adff): CLK=\clk, D=$0\emi_228_reg[1][5:5], Q=\emi_228_reg[1] [5]
Replacing Subsystem_2.$procdff$10468 ($adff): CLK=\clk, D=$0\emi_228_reg[1][6:6], Q=\emi_228_reg[1] [6]
Replacing Subsystem_2.$procdff$10467 ($adff): CLK=\clk, D=$0\emi_228_reg[1][7:7], Q=\emi_228_reg[1] [7]
Replacing Subsystem_2.$procdff$10466 ($adff): CLK=\clk, D=$0\cfblk187_reg[0][0:0], Q=\cfblk187_reg[0] [0]
Replacing Subsystem_2.$procdff$10465 ($adff): CLK=\clk, D=$0\cfblk187_reg[0][1:1], Q=\cfblk187_reg[0] [1]
Replacing Subsystem_2.$procdff$10464 ($adff): CLK=\clk, D=$0\cfblk187_reg[0][2:2], Q=\cfblk187_reg[0] [2]
Replacing Subsystem_2.$procdff$10463 ($adff): CLK=\clk, D=$0\cfblk187_reg[0][3:3], Q=\cfblk187_reg[0] [3]
Replacing Subsystem_2.$procdff$10462 ($adff): CLK=\clk, D=$0\cfblk187_reg[0][4:4], Q=\cfblk187_reg[0] [4]
Replacing Subsystem_2.$procdff$10461 ($adff): CLK=\clk, D=$0\cfblk187_reg[0][5:5], Q=\cfblk187_reg[0] [5]
Replacing Subsystem_2.$procdff$10460 ($adff): CLK=\clk, D=$0\cfblk187_reg[0][6:6], Q=\cfblk187_reg[0] [6]
Replacing Subsystem_2.$procdff$10459 ($adff): CLK=\clk, D=$0\cfblk187_reg[0][7:7], Q=\cfblk187_reg[0] [7]
Replacing Subsystem_2.$procdff$10458 ($adff): CLK=\clk, D=$0\cfblk187_reg[1][0:0], Q=\cfblk187_reg[1] [0]
Replacing Subsystem_2.$procdff$10457 ($adff): CLK=\clk, D=$0\cfblk187_reg[1][1:1], Q=\cfblk187_reg[1] [1]
Replacing Subsystem_2.$procdff$10456 ($adff): CLK=\clk, D=$0\cfblk187_reg[1][2:2], Q=\cfblk187_reg[1] [2]
Replacing Subsystem_2.$procdff$10455 ($adff): CLK=\clk, D=$0\cfblk187_reg[1][3:3], Q=\cfblk187_reg[1] [3]
Replacing Subsystem_2.$procdff$10454 ($adff): CLK=\clk, D=$0\cfblk187_reg[1][4:4], Q=\cfblk187_reg[1] [4]
Replacing Subsystem_2.$procdff$10453 ($adff): CLK=\clk, D=$0\cfblk187_reg[1][5:5], Q=\cfblk187_reg[1] [5]
Replacing Subsystem_2.$procdff$10452 ($adff): CLK=\clk, D=$0\cfblk187_reg[1][6:6], Q=\cfblk187_reg[1] [6]
Replacing Subsystem_2.$procdff$10451 ($adff): CLK=\clk, D=$0\cfblk187_reg[1][7:7], Q=\cfblk187_reg[1] [7]
Replacing Subsystem_2.$procdff$10450 ($adff): CLK=\clk, D=$0\emi_113_reg[0][0:0], Q=\emi_113_reg[0] [0]
Replacing Subsystem_2.$procdff$10449 ($adff): CLK=\clk, D=$0\emi_113_reg[0][1:1], Q=\emi_113_reg[0] [1]
Replacing Subsystem_2.$procdff$10448 ($adff): CLK=\clk, D=$0\emi_113_reg[0][2:2], Q=\emi_113_reg[0] [2]
Replacing Subsystem_2.$procdff$10447 ($adff): CLK=\clk, D=$0\emi_113_reg[0][3:3], Q=\emi_113_reg[0] [3]
Replacing Subsystem_2.$procdff$10446 ($adff): CLK=\clk, D=$0\emi_113_reg[0][4:4], Q=\emi_113_reg[0] [4]
Replacing Subsystem_2.$procdff$10445 ($adff): CLK=\clk, D=$0\emi_113_reg[0][5:5], Q=\emi_113_reg[0] [5]
Replacing Subsystem_2.$procdff$10444 ($adff): CLK=\clk, D=$0\emi_113_reg[0][6:6], Q=\emi_113_reg[0] [6]
Replacing Subsystem_2.$procdff$10443 ($adff): CLK=\clk, D=$0\emi_113_reg[0][7:7], Q=\emi_113_reg[0] [7]
Replacing Subsystem_2.$procdff$10442 ($adff): CLK=\clk, D=$0\emi_113_reg[1][0:0], Q=\emi_113_reg[1] [0]
Replacing Subsystem_2.$procdff$10441 ($adff): CLK=\clk, D=$0\emi_113_reg[1][1:1], Q=\emi_113_reg[1] [1]
Replacing Subsystem_2.$procdff$10440 ($adff): CLK=\clk, D=$0\emi_113_reg[1][2:2], Q=\emi_113_reg[1] [2]
Replacing Subsystem_2.$procdff$10439 ($adff): CLK=\clk, D=$0\emi_113_reg[1][3:3], Q=\emi_113_reg[1] [3]
Replacing Subsystem_2.$procdff$10438 ($adff): CLK=\clk, D=$0\emi_113_reg[1][4:4], Q=\emi_113_reg[1] [4]
Replacing Subsystem_2.$procdff$10437 ($adff): CLK=\clk, D=$0\emi_113_reg[1][5:5], Q=\emi_113_reg[1] [5]
Replacing Subsystem_2.$procdff$10436 ($adff): CLK=\clk, D=$0\emi_113_reg[1][6:6], Q=\emi_113_reg[1] [6]
Replacing Subsystem_2.$procdff$10435 ($adff): CLK=\clk, D=$0\emi_113_reg[1][7:7], Q=\emi_113_reg[1] [7]
Replacing Subsystem_2.$procdff$10434 ($adff): CLK=\clk, D=$0\cfblk188_reg[0][0:0], Q=\cfblk188_reg[0] [0]
Replacing Subsystem_2.$procdff$10433 ($adff): CLK=\clk, D=$0\cfblk188_reg[0][1:1], Q=\cfblk188_reg[0] [1]
Replacing Subsystem_2.$procdff$10432 ($adff): CLK=\clk, D=$0\cfblk188_reg[0][2:2], Q=\cfblk188_reg[0] [2]
Replacing Subsystem_2.$procdff$10431 ($adff): CLK=\clk, D=$0\cfblk188_reg[0][3:3], Q=\cfblk188_reg[0] [3]
Replacing Subsystem_2.$procdff$10430 ($adff): CLK=\clk, D=$0\cfblk188_reg[0][4:4], Q=\cfblk188_reg[0] [4]
Replacing Subsystem_2.$procdff$10429 ($adff): CLK=\clk, D=$0\cfblk188_reg[0][5:5], Q=\cfblk188_reg[0] [5]
Replacing Subsystem_2.$procdff$10428 ($adff): CLK=\clk, D=$0\cfblk188_reg[0][6:6], Q=\cfblk188_reg[0] [6]
Replacing Subsystem_2.$procdff$10427 ($adff): CLK=\clk, D=$0\cfblk188_reg[0][7:7], Q=\cfblk188_reg[0] [7]
Replacing Subsystem_2.$procdff$10426 ($adff): CLK=\clk, D=$0\cfblk188_reg[1][0:0], Q=\cfblk188_reg[1] [0]
Replacing Subsystem_2.$procdff$10425 ($adff): CLK=\clk, D=$0\cfblk188_reg[1][1:1], Q=\cfblk188_reg[1] [1]
Replacing Subsystem_2.$procdff$10424 ($adff): CLK=\clk, D=$0\cfblk188_reg[1][2:2], Q=\cfblk188_reg[1] [2]
Replacing Subsystem_2.$procdff$10423 ($adff): CLK=\clk, D=$0\cfblk188_reg[1][3:3], Q=\cfblk188_reg[1] [3]
Replacing Subsystem_2.$procdff$10422 ($adff): CLK=\clk, D=$0\cfblk188_reg[1][4:4], Q=\cfblk188_reg[1] [4]
Replacing Subsystem_2.$procdff$10421 ($adff): CLK=\clk, D=$0\cfblk188_reg[1][5:5], Q=\cfblk188_reg[1] [5]
Replacing Subsystem_2.$procdff$10420 ($adff): CLK=\clk, D=$0\cfblk188_reg[1][6:6], Q=\cfblk188_reg[1] [6]
Replacing Subsystem_2.$procdff$10419 ($adff): CLK=\clk, D=$0\cfblk188_reg[1][7:7], Q=\cfblk188_reg[1] [7]
Replacing Subsystem_2.$procdff$10418 ($adff): CLK=\clk, D=$0\cfblk177_reg_reg[0][0][0:0], Q=\cfblk177_reg_reg[0][0]
Replacing Subsystem_2.$procdff$10417 ($adff): CLK=\clk, D=$0\cfblk194_reg[0][0:0], Q=\cfblk194_reg[0] [0]
Replacing Subsystem_2.$procdff$10416 ($adff): CLK=\clk, D=$0\cfblk194_reg[0][1:1], Q=\cfblk194_reg[0] [1]
Replacing Subsystem_2.$procdff$10415 ($adff): CLK=\clk, D=$0\cfblk194_reg[0][2:2], Q=\cfblk194_reg[0] [2]
Replacing Subsystem_2.$procdff$10414 ($adff): CLK=\clk, D=$0\cfblk194_reg[0][3:3], Q=\cfblk194_reg[0] [3]
Replacing Subsystem_2.$procdff$10413 ($adff): CLK=\clk, D=$0\cfblk194_reg[0][4:4], Q=\cfblk194_reg[0] [4]
Replacing Subsystem_2.$procdff$10412 ($adff): CLK=\clk, D=$0\cfblk194_reg[0][5:5], Q=\cfblk194_reg[0] [5]
Replacing Subsystem_2.$procdff$10411 ($adff): CLK=\clk, D=$0\cfblk194_reg[0][6:6], Q=\cfblk194_reg[0] [6]
Replacing Subsystem_2.$procdff$10410 ($adff): CLK=\clk, D=$0\cfblk194_reg[0][7:7], Q=\cfblk194_reg[0] [7]
Replacing Subsystem_2.$procdff$10409 ($adff): CLK=\clk, D=$0\cfblk194_reg[1][0:0], Q=\cfblk194_reg[1] [0]
Replacing Subsystem_2.$procdff$10408 ($adff): CLK=\clk, D=$0\cfblk194_reg[1][1:1], Q=\cfblk194_reg[1] [1]
Replacing Subsystem_2.$procdff$10407 ($adff): CLK=\clk, D=$0\cfblk194_reg[1][2:2], Q=\cfblk194_reg[1] [2]
Replacing Subsystem_2.$procdff$10406 ($adff): CLK=\clk, D=$0\cfblk194_reg[1][3:3], Q=\cfblk194_reg[1] [3]
Replacing Subsystem_2.$procdff$10405 ($adff): CLK=\clk, D=$0\cfblk194_reg[1][4:4], Q=\cfblk194_reg[1] [4]
Replacing Subsystem_2.$procdff$10404 ($adff): CLK=\clk, D=$0\cfblk194_reg[1][5:5], Q=\cfblk194_reg[1] [5]
Replacing Subsystem_2.$procdff$10403 ($adff): CLK=\clk, D=$0\cfblk194_reg[1][6:6], Q=\cfblk194_reg[1] [6]
Replacing Subsystem_2.$procdff$10402 ($adff): CLK=\clk, D=$0\cfblk194_reg[1][7:7], Q=\cfblk194_reg[1] [7]
Replacing Subsystem_2.$procdff$10401 ($adff): CLK=\clk, D=$0\cfblk190_reg[0][0:0], Q=\cfblk190_reg[0] [0]
Replacing Subsystem_2.$procdff$10400 ($adff): CLK=\clk, D=$0\cfblk190_reg[0][1:1], Q=\cfblk190_reg[0] [1]
Replacing Subsystem_2.$procdff$10399 ($adff): CLK=\clk, D=$0\cfblk190_reg[0][2:2], Q=\cfblk190_reg[0] [2]
Replacing Subsystem_2.$procdff$10398 ($adff): CLK=\clk, D=$0\cfblk190_reg[0][3:3], Q=\cfblk190_reg[0] [3]
Replacing Subsystem_2.$procdff$10397 ($adff): CLK=\clk, D=$0\cfblk190_reg[0][4:4], Q=\cfblk190_reg[0] [4]
Replacing Subsystem_2.$procdff$10396 ($adff): CLK=\clk, D=$0\cfblk190_reg[0][5:5], Q=\cfblk190_reg[0] [5]
Replacing Subsystem_2.$procdff$10395 ($adff): CLK=\clk, D=$0\cfblk190_reg[0][6:6], Q=\cfblk190_reg[0] [6]
Replacing Subsystem_2.$procdff$10394 ($adff): CLK=\clk, D=$0\cfblk190_reg[0][7:7], Q=\cfblk190_reg[0] [7]
Replacing Subsystem_2.$procdff$10393 ($adff): CLK=\clk, D=$0\cfblk190_reg[1][0:0], Q=\cfblk190_reg[1] [0]
Replacing Subsystem_2.$procdff$10392 ($adff): CLK=\clk, D=$0\cfblk190_reg[1][1:1], Q=\cfblk190_reg[1] [1]
Replacing Subsystem_2.$procdff$10391 ($adff): CLK=\clk, D=$0\cfblk190_reg[1][2:2], Q=\cfblk190_reg[1] [2]
Replacing Subsystem_2.$procdff$10390 ($adff): CLK=\clk, D=$0\cfblk190_reg[1][3:3], Q=\cfblk190_reg[1] [3]
Replacing Subsystem_2.$procdff$10389 ($adff): CLK=\clk, D=$0\cfblk190_reg[1][4:4], Q=\cfblk190_reg[1] [4]
Replacing Subsystem_2.$procdff$10388 ($adff): CLK=\clk, D=$0\cfblk190_reg[1][5:5], Q=\cfblk190_reg[1] [5]
Replacing Subsystem_2.$procdff$10387 ($adff): CLK=\clk, D=$0\cfblk190_reg[1][6:6], Q=\cfblk190_reg[1] [6]
Replacing Subsystem_2.$procdff$10386 ($adff): CLK=\clk, D=$0\cfblk190_reg[1][7:7], Q=\cfblk190_reg[1] [7]
Replacing Subsystem_2.$procdff$10385 ($adff): CLK=\clk, D=$0\emi_105_reg[0][0:0], Q=\emi_105_reg[0] [0]
Replacing Subsystem_2.$procdff$10384 ($adff): CLK=\clk, D=$0\emi_105_reg[0][1:1], Q=\emi_105_reg[0] [1]
Replacing Subsystem_2.$procdff$10383 ($adff): CLK=\clk, D=$0\emi_105_reg[0][2:2], Q=\emi_105_reg[0] [2]
Replacing Subsystem_2.$procdff$10382 ($adff): CLK=\clk, D=$0\emi_105_reg[0][3:3], Q=\emi_105_reg[0] [3]
Replacing Subsystem_2.$procdff$10381 ($adff): CLK=\clk, D=$0\emi_105_reg[0][4:4], Q=\emi_105_reg[0] [4]
Replacing Subsystem_2.$procdff$10380 ($adff): CLK=\clk, D=$0\emi_105_reg[0][5:5], Q=\emi_105_reg[0] [5]
Replacing Subsystem_2.$procdff$10379 ($adff): CLK=\clk, D=$0\emi_105_reg[0][6:6], Q=\emi_105_reg[0] [6]
Replacing Subsystem_2.$procdff$10378 ($adff): CLK=\clk, D=$0\emi_105_reg[0][7:7], Q=\emi_105_reg[0] [7]
Replacing Subsystem_2.$procdff$10377 ($adff): CLK=\clk, D=$0\emi_105_reg[1][0:0], Q=\emi_105_reg[1] [0]
Replacing Subsystem_2.$procdff$10376 ($adff): CLK=\clk, D=$0\emi_105_reg[1][1:1], Q=\emi_105_reg[1] [1]
Replacing Subsystem_2.$procdff$10375 ($adff): CLK=\clk, D=$0\emi_105_reg[1][2:2], Q=\emi_105_reg[1] [2]
Replacing Subsystem_2.$procdff$10374 ($adff): CLK=\clk, D=$0\emi_105_reg[1][3:3], Q=\emi_105_reg[1] [3]
Replacing Subsystem_2.$procdff$10373 ($adff): CLK=\clk, D=$0\emi_105_reg[1][4:4], Q=\emi_105_reg[1] [4]
Replacing Subsystem_2.$procdff$10372 ($adff): CLK=\clk, D=$0\emi_105_reg[1][5:5], Q=\emi_105_reg[1] [5]
Replacing Subsystem_2.$procdff$10371 ($adff): CLK=\clk, D=$0\emi_105_reg[1][6:6], Q=\emi_105_reg[1] [6]
Replacing Subsystem_2.$procdff$10370 ($adff): CLK=\clk, D=$0\emi_105_reg[1][7:7], Q=\emi_105_reg[1] [7]
Replacing Subsystem_2.$procdff$10369 ($adff): CLK=\clk, D=$0\emi_178_reg[0][0:0], Q=\emi_178_reg[0] [0]
Replacing Subsystem_2.$procdff$10368 ($adff): CLK=\clk, D=$0\emi_178_reg[0][1:1], Q=\emi_178_reg[0] [1]
Replacing Subsystem_2.$procdff$10367 ($adff): CLK=\clk, D=$0\emi_178_reg[0][2:2], Q=\emi_178_reg[0] [2]
Replacing Subsystem_2.$procdff$10366 ($adff): CLK=\clk, D=$0\emi_178_reg[0][3:3], Q=\emi_178_reg[0] [3]
Replacing Subsystem_2.$procdff$10365 ($adff): CLK=\clk, D=$0\emi_178_reg[0][4:4], Q=\emi_178_reg[0] [4]
Replacing Subsystem_2.$procdff$10364 ($adff): CLK=\clk, D=$0\emi_178_reg[0][5:5], Q=\emi_178_reg[0] [5]
Replacing Subsystem_2.$procdff$10363 ($adff): CLK=\clk, D=$0\emi_178_reg[0][6:6], Q=\emi_178_reg[0] [6]
Replacing Subsystem_2.$procdff$10362 ($adff): CLK=\clk, D=$0\emi_178_reg[0][7:7], Q=\emi_178_reg[0] [7]
Replacing Subsystem_2.$procdff$10361 ($adff): CLK=\clk, D=$0\emi_178_reg[1][0:0], Q=\emi_178_reg[1] [0]
Replacing Subsystem_2.$procdff$10360 ($adff): CLK=\clk, D=$0\emi_178_reg[1][1:1], Q=\emi_178_reg[1] [1]
Replacing Subsystem_2.$procdff$10359 ($adff): CLK=\clk, D=$0\emi_178_reg[1][2:2], Q=\emi_178_reg[1] [2]
Replacing Subsystem_2.$procdff$10358 ($adff): CLK=\clk, D=$0\emi_178_reg[1][3:3], Q=\emi_178_reg[1] [3]
Replacing Subsystem_2.$procdff$10357 ($adff): CLK=\clk, D=$0\emi_178_reg[1][4:4], Q=\emi_178_reg[1] [4]
Replacing Subsystem_2.$procdff$10356 ($adff): CLK=\clk, D=$0\emi_178_reg[1][5:5], Q=\emi_178_reg[1] [5]
Replacing Subsystem_2.$procdff$10355 ($adff): CLK=\clk, D=$0\emi_178_reg[1][6:6], Q=\emi_178_reg[1] [6]
Replacing Subsystem_2.$procdff$10354 ($adff): CLK=\clk, D=$0\emi_178_reg[1][7:7], Q=\emi_178_reg[1] [7]
Replacing Subsystem_2.$procdff$10353 ($adff): CLK=\clk, D=$0\emi_293_reg[0:0], Q=\emi_293_reg [0]
Replacing Subsystem_2.$procdff$10352 ($adff): CLK=\clk, D=$0\emi_293_reg[1:1], Q=\emi_293_reg [1]
Replacing Subsystem_2.$procdff$10351 ($adff): CLK=\clk, D=$0\emi_186_reg[0:0], Q=\emi_186_reg [0]
Replacing Subsystem_2.$procdff$10350 ($adff): CLK=\clk, D=$0\emi_186_reg[1:1], Q=\emi_186_reg [1]
Replacing Subsystem_2.$procdff$10349 ($adff): CLK=\clk, D=$0\emi_97_reg[0][0:0], Q=\emi_97_reg[0] [0]
Replacing Subsystem_2.$procdff$10348 ($adff): CLK=\clk, D=$0\emi_97_reg[0][1:1], Q=\emi_97_reg[0] [1]
Replacing Subsystem_2.$procdff$10347 ($adff): CLK=\clk, D=$0\emi_97_reg[0][2:2], Q=\emi_97_reg[0] [2]
Replacing Subsystem_2.$procdff$10346 ($adff): CLK=\clk, D=$0\emi_97_reg[0][3:3], Q=\emi_97_reg[0] [3]
Replacing Subsystem_2.$procdff$10345 ($adff): CLK=\clk, D=$0\emi_97_reg[0][4:4], Q=\emi_97_reg[0] [4]
Replacing Subsystem_2.$procdff$10344 ($adff): CLK=\clk, D=$0\emi_97_reg[0][5:5], Q=\emi_97_reg[0] [5]
Replacing Subsystem_2.$procdff$10343 ($adff): CLK=\clk, D=$0\emi_97_reg[0][6:6], Q=\emi_97_reg[0] [6]
Replacing Subsystem_2.$procdff$10342 ($adff): CLK=\clk, D=$0\emi_97_reg[0][7:7], Q=\emi_97_reg[0] [7]
Replacing Subsystem_2.$procdff$10341 ($adff): CLK=\clk, D=$0\emi_97_reg[1][0:0], Q=\emi_97_reg[1] [0]
Replacing Subsystem_2.$procdff$10340 ($adff): CLK=\clk, D=$0\emi_97_reg[1][1:1], Q=\emi_97_reg[1] [1]
Replacing Subsystem_2.$procdff$10339 ($adff): CLK=\clk, D=$0\emi_97_reg[1][2:2], Q=\emi_97_reg[1] [2]
Replacing Subsystem_2.$procdff$10338 ($adff): CLK=\clk, D=$0\emi_97_reg[1][3:3], Q=\emi_97_reg[1] [3]
Replacing Subsystem_2.$procdff$10337 ($adff): CLK=\clk, D=$0\emi_97_reg[1][4:4], Q=\emi_97_reg[1] [4]
Replacing Subsystem_2.$procdff$10336 ($adff): CLK=\clk, D=$0\emi_97_reg[1][5:5], Q=\emi_97_reg[1] [5]
Replacing Subsystem_2.$procdff$10335 ($adff): CLK=\clk, D=$0\emi_97_reg[1][6:6], Q=\emi_97_reg[1] [6]
Replacing Subsystem_2.$procdff$10334 ($adff): CLK=\clk, D=$0\emi_97_reg[1][7:7], Q=\emi_97_reg[1] [7]
Replacing Subsystem_2.$procdff$10333 ($adff): CLK=\clk, D=$0\emi_194_reg[0][0:0], Q=\emi_194_reg[0] [0]
Replacing Subsystem_2.$procdff$10332 ($adff): CLK=\clk, D=$0\emi_194_reg[0][1:1], Q=\emi_194_reg[0] [1]
Replacing Subsystem_2.$procdff$10331 ($adff): CLK=\clk, D=$0\emi_194_reg[0][2:2], Q=\emi_194_reg[0] [2]
Replacing Subsystem_2.$procdff$10330 ($adff): CLK=\clk, D=$0\emi_194_reg[0][3:3], Q=\emi_194_reg[0] [3]
Replacing Subsystem_2.$procdff$10329 ($adff): CLK=\clk, D=$0\emi_194_reg[0][4:4], Q=\emi_194_reg[0] [4]
Replacing Subsystem_2.$procdff$10328 ($adff): CLK=\clk, D=$0\emi_194_reg[0][5:5], Q=\emi_194_reg[0] [5]
Replacing Subsystem_2.$procdff$10327 ($adff): CLK=\clk, D=$0\emi_194_reg[0][6:6], Q=\emi_194_reg[0] [6]
Replacing Subsystem_2.$procdff$10326 ($adff): CLK=\clk, D=$0\emi_194_reg[0][7:7], Q=\emi_194_reg[0] [7]
Replacing Subsystem_2.$procdff$10325 ($adff): CLK=\clk, D=$0\emi_194_reg[1][0:0], Q=\emi_194_reg[1] [0]
Replacing Subsystem_2.$procdff$10324 ($adff): CLK=\clk, D=$0\emi_194_reg[1][1:1], Q=\emi_194_reg[1] [1]
Replacing Subsystem_2.$procdff$10323 ($adff): CLK=\clk, D=$0\emi_194_reg[1][2:2], Q=\emi_194_reg[1] [2]
Replacing Subsystem_2.$procdff$10322 ($adff): CLK=\clk, D=$0\emi_194_reg[1][3:3], Q=\emi_194_reg[1] [3]
Replacing Subsystem_2.$procdff$10321 ($adff): CLK=\clk, D=$0\emi_194_reg[1][4:4], Q=\emi_194_reg[1] [4]
Replacing Subsystem_2.$procdff$10320 ($adff): CLK=\clk, D=$0\emi_194_reg[1][5:5], Q=\emi_194_reg[1] [5]
Replacing Subsystem_2.$procdff$10319 ($adff): CLK=\clk, D=$0\emi_194_reg[1][6:6], Q=\emi_194_reg[1] [6]
Replacing Subsystem_2.$procdff$10318 ($adff): CLK=\clk, D=$0\emi_194_reg[1][7:7], Q=\emi_194_reg[1] [7]
Replacing Subsystem_2.$procdff$10317 ($adff): CLK=\clk, D=$0\cfblk172_reg[0][0:0], Q=\cfblk172_reg[0] [0]
Replacing Subsystem_2.$procdff$10316 ($adff): CLK=\clk, D=$0\cfblk172_reg[0][1:1], Q=\cfblk172_reg[0] [1]
Replacing Subsystem_2.$procdff$10315 ($adff): CLK=\clk, D=$0\cfblk172_reg[0][2:2], Q=\cfblk172_reg[0] [2]
Replacing Subsystem_2.$procdff$10314 ($adff): CLK=\clk, D=$0\cfblk172_reg[0][3:3], Q=\cfblk172_reg[0] [3]
Replacing Subsystem_2.$procdff$10313 ($adff): CLK=\clk, D=$0\cfblk172_reg[0][4:4], Q=\cfblk172_reg[0] [4]
Replacing Subsystem_2.$procdff$10312 ($adff): CLK=\clk, D=$0\cfblk172_reg[0][5:5], Q=\cfblk172_reg[0] [5]
Replacing Subsystem_2.$procdff$10311 ($adff): CLK=\clk, D=$0\cfblk172_reg[0][6:6], Q=\cfblk172_reg[0] [6]
Replacing Subsystem_2.$procdff$10310 ($adff): CLK=\clk, D=$0\cfblk172_reg[0][7:7], Q=\cfblk172_reg[0] [7]
Replacing Subsystem_2.$procdff$10309 ($adff): CLK=\clk, D=$0\cfblk172_reg[1][0:0], Q=\cfblk172_reg[1] [0]
Replacing Subsystem_2.$procdff$10308 ($adff): CLK=\clk, D=$0\cfblk172_reg[1][1:1], Q=\cfblk172_reg[1] [1]
Replacing Subsystem_2.$procdff$10307 ($adff): CLK=\clk, D=$0\cfblk172_reg[1][2:2], Q=\cfblk172_reg[1] [2]
Replacing Subsystem_2.$procdff$10306 ($adff): CLK=\clk, D=$0\cfblk172_reg[1][3:3], Q=\cfblk172_reg[1] [3]
Replacing Subsystem_2.$procdff$10305 ($adff): CLK=\clk, D=$0\cfblk172_reg[1][4:4], Q=\cfblk172_reg[1] [4]
Replacing Subsystem_2.$procdff$10304 ($adff): CLK=\clk, D=$0\cfblk172_reg[1][5:5], Q=\cfblk172_reg[1] [5]
Replacing Subsystem_2.$procdff$10303 ($adff): CLK=\clk, D=$0\cfblk172_reg[1][6:6], Q=\cfblk172_reg[1] [6]
Replacing Subsystem_2.$procdff$10302 ($adff): CLK=\clk, D=$0\cfblk172_reg[1][7:7], Q=\cfblk172_reg[1] [7]
Replacing Subsystem_2.$procdff$10301 ($adff): CLK=\clk, D=$0\cfblk196_reg[0][0:0], Q=\cfblk196_reg[0] [0]
Replacing Subsystem_2.$procdff$10300 ($adff): CLK=\clk, D=$0\cfblk196_reg[0][1:1], Q=\cfblk196_reg[0] [1]
Replacing Subsystem_2.$procdff$10299 ($adff): CLK=\clk, D=$0\cfblk196_reg[0][2:2], Q=\cfblk196_reg[0] [2]
Replacing Subsystem_2.$procdff$10298 ($adff): CLK=\clk, D=$0\cfblk196_reg[0][3:3], Q=\cfblk196_reg[0] [3]
Replacing Subsystem_2.$procdff$10297 ($adff): CLK=\clk, D=$0\cfblk196_reg[0][4:4], Q=\cfblk196_reg[0] [4]
Replacing Subsystem_2.$procdff$10296 ($adff): CLK=\clk, D=$0\cfblk196_reg[0][5:5], Q=\cfblk196_reg[0] [5]
Replacing Subsystem_2.$procdff$10295 ($adff): CLK=\clk, D=$0\cfblk196_reg[0][6:6], Q=\cfblk196_reg[0] [6]
Replacing Subsystem_2.$procdff$10294 ($adff): CLK=\clk, D=$0\cfblk196_reg[0][7:7], Q=\cfblk196_reg[0] [7]
Replacing Subsystem_2.$procdff$10293 ($adff): CLK=\clk, D=$0\cfblk196_reg[1][0:0], Q=\cfblk196_reg[1] [0]
Replacing Subsystem_2.$procdff$10292 ($adff): CLK=\clk, D=$0\cfblk196_reg[1][1:1], Q=\cfblk196_reg[1] [1]
Replacing Subsystem_2.$procdff$10291 ($adff): CLK=\clk, D=$0\cfblk196_reg[1][2:2], Q=\cfblk196_reg[1] [2]
Replacing Subsystem_2.$procdff$10290 ($adff): CLK=\clk, D=$0\cfblk196_reg[1][3:3], Q=\cfblk196_reg[1] [3]
Replacing Subsystem_2.$procdff$10289 ($adff): CLK=\clk, D=$0\cfblk196_reg[1][4:4], Q=\cfblk196_reg[1] [4]
Replacing Subsystem_2.$procdff$10288 ($adff): CLK=\clk, D=$0\cfblk196_reg[1][5:5], Q=\cfblk196_reg[1] [5]
Replacing Subsystem_2.$procdff$10287 ($adff): CLK=\clk, D=$0\cfblk196_reg[1][6:6], Q=\cfblk196_reg[1] [6]
Replacing Subsystem_2.$procdff$10286 ($adff): CLK=\clk, D=$0\cfblk196_reg[1][7:7], Q=\cfblk196_reg[1] [7]
Replacing Subsystem_2.$procdff$10285 ($adff): CLK=\clk, D=$0\cfblk177_reg_reg[1][0][0:0], Q=\cfblk177_reg_reg[1][0]
Replacing Subsystem_2.$procdff$10284 ($adff): CLK=\clk, D=$0\emi_32_reg[0][0:0], Q=\emi_32_reg[0] [0]
Replacing Subsystem_2.$procdff$10283 ($adff): CLK=\clk, D=$0\emi_32_reg[0][1:1], Q=\emi_32_reg[0] [1]
Replacing Subsystem_2.$procdff$10282 ($adff): CLK=\clk, D=$0\emi_32_reg[0][2:2], Q=\emi_32_reg[0] [2]
Replacing Subsystem_2.$procdff$10281 ($adff): CLK=\clk, D=$0\emi_32_reg[0][3:3], Q=\emi_32_reg[0] [3]
Replacing Subsystem_2.$procdff$10280 ($adff): CLK=\clk, D=$0\emi_32_reg[0][4:4], Q=\emi_32_reg[0] [4]
Replacing Subsystem_2.$procdff$10279 ($adff): CLK=\clk, D=$0\emi_32_reg[0][5:5], Q=\emi_32_reg[0] [5]
Replacing Subsystem_2.$procdff$10278 ($adff): CLK=\clk, D=$0\emi_32_reg[0][6:6], Q=\emi_32_reg[0] [6]
Replacing Subsystem_2.$procdff$10277 ($adff): CLK=\clk, D=$0\emi_32_reg[0][7:7], Q=\emi_32_reg[0] [7]
Replacing Subsystem_2.$procdff$10276 ($adff): CLK=\clk, D=$0\emi_32_reg[1][0:0], Q=\emi_32_reg[1] [0]
Replacing Subsystem_2.$procdff$10275 ($adff): CLK=\clk, D=$0\emi_32_reg[1][1:1], Q=\emi_32_reg[1] [1]
Replacing Subsystem_2.$procdff$10274 ($adff): CLK=\clk, D=$0\emi_32_reg[1][2:2], Q=\emi_32_reg[1] [2]
Replacing Subsystem_2.$procdff$10273 ($adff): CLK=\clk, D=$0\emi_32_reg[1][3:3], Q=\emi_32_reg[1] [3]
Replacing Subsystem_2.$procdff$10272 ($adff): CLK=\clk, D=$0\emi_32_reg[1][4:4], Q=\emi_32_reg[1] [4]
Replacing Subsystem_2.$procdff$10271 ($adff): CLK=\clk, D=$0\emi_32_reg[1][5:5], Q=\emi_32_reg[1] [5]
Replacing Subsystem_2.$procdff$10270 ($adff): CLK=\clk, D=$0\emi_32_reg[1][6:6], Q=\emi_32_reg[1] [6]
Replacing Subsystem_2.$procdff$10269 ($adff): CLK=\clk, D=$0\emi_32_reg[1][7:7], Q=\emi_32_reg[1] [7]
Replacing Subsystem_2.$procdff$10268 ($adff): CLK=\clk, D=$0\cfblk176_reg[0][0:0], Q=\cfblk176_reg[0] [0]
Replacing Subsystem_2.$procdff$10267 ($adff): CLK=\clk, D=$0\cfblk176_reg[0][1:1], Q=\cfblk176_reg[0] [1]
Replacing Subsystem_2.$procdff$10266 ($adff): CLK=\clk, D=$0\cfblk176_reg[0][2:2], Q=\cfblk176_reg[0] [2]
Replacing Subsystem_2.$procdff$10265 ($adff): CLK=\clk, D=$0\cfblk176_reg[0][3:3], Q=\cfblk176_reg[0] [3]
Replacing Subsystem_2.$procdff$10264 ($adff): CLK=\clk, D=$0\cfblk176_reg[0][4:4], Q=\cfblk176_reg[0] [4]
Replacing Subsystem_2.$procdff$10263 ($adff): CLK=\clk, D=$0\cfblk176_reg[0][5:5], Q=\cfblk176_reg[0] [5]
Replacing Subsystem_2.$procdff$10262 ($adff): CLK=\clk, D=$0\cfblk176_reg[0][6:6], Q=\cfblk176_reg[0] [6]
Replacing Subsystem_2.$procdff$10261 ($adff): CLK=\clk, D=$0\cfblk176_reg[0][7:7], Q=\cfblk176_reg[0] [7]
Replacing Subsystem_2.$procdff$10260 ($adff): CLK=\clk, D=$0\cfblk176_reg[1][0:0], Q=\cfblk176_reg[1] [0]
Replacing Subsystem_2.$procdff$10259 ($adff): CLK=\clk, D=$0\cfblk176_reg[1][1:1], Q=\cfblk176_reg[1] [1]
Replacing Subsystem_2.$procdff$10258 ($adff): CLK=\clk, D=$0\cfblk176_reg[1][2:2], Q=\cfblk176_reg[1] [2]
Replacing Subsystem_2.$procdff$10257 ($adff): CLK=\clk, D=$0\cfblk176_reg[1][3:3], Q=\cfblk176_reg[1] [3]
Replacing Subsystem_2.$procdff$10256 ($adff): CLK=\clk, D=$0\cfblk176_reg[1][4:4], Q=\cfblk176_reg[1] [4]
Replacing Subsystem_2.$procdff$10255 ($adff): CLK=\clk, D=$0\cfblk176_reg[1][5:5], Q=\cfblk176_reg[1] [5]
Replacing Subsystem_2.$procdff$10254 ($adff): CLK=\clk, D=$0\cfblk176_reg[1][6:6], Q=\cfblk176_reg[1] [6]
Replacing Subsystem_2.$procdff$10253 ($adff): CLK=\clk, D=$0\cfblk176_reg[1][7:7], Q=\cfblk176_reg[1] [7]
Replacing Subsystem_2.$procdff$10252 ($adff): CLK=\clk, D=$0\cfblk179_reg[0][0:0], Q=\cfblk179_reg[0] [0]
Replacing Subsystem_2.$procdff$10251 ($adff): CLK=\clk, D=$0\cfblk179_reg[0][1:1], Q=\cfblk179_reg[0] [1]
Replacing Subsystem_2.$procdff$10250 ($adff): CLK=\clk, D=$0\cfblk179_reg[0][2:2], Q=\cfblk179_reg[0] [2]
Replacing Subsystem_2.$procdff$10249 ($adff): CLK=\clk, D=$0\cfblk179_reg[0][3:3], Q=\cfblk179_reg[0] [3]
Replacing Subsystem_2.$procdff$10248 ($adff): CLK=\clk, D=$0\cfblk179_reg[0][4:4], Q=\cfblk179_reg[0] [4]
Replacing Subsystem_2.$procdff$10247 ($adff): CLK=\clk, D=$0\cfblk179_reg[0][5:5], Q=\cfblk179_reg[0] [5]
Replacing Subsystem_2.$procdff$10246 ($adff): CLK=\clk, D=$0\cfblk179_reg[0][6:6], Q=\cfblk179_reg[0] [6]
Replacing Subsystem_2.$procdff$10245 ($adff): CLK=\clk, D=$0\cfblk179_reg[0][7:7], Q=\cfblk179_reg[0] [7]
Replacing Subsystem_2.$procdff$10244 ($adff): CLK=\clk, D=$0\cfblk179_reg[1][0:0], Q=\cfblk179_reg[1] [0]
Replacing Subsystem_2.$procdff$10243 ($adff): CLK=\clk, D=$0\cfblk179_reg[1][1:1], Q=\cfblk179_reg[1] [1]
Replacing Subsystem_2.$procdff$10242 ($adff): CLK=\clk, D=$0\cfblk179_reg[1][2:2], Q=\cfblk179_reg[1] [2]
Replacing Subsystem_2.$procdff$10241 ($adff): CLK=\clk, D=$0\cfblk179_reg[1][3:3], Q=\cfblk179_reg[1] [3]
Replacing Subsystem_2.$procdff$10240 ($adff): CLK=\clk, D=$0\cfblk179_reg[1][4:4], Q=\cfblk179_reg[1] [4]
Replacing Subsystem_2.$procdff$10239 ($adff): CLK=\clk, D=$0\cfblk179_reg[1][5:5], Q=\cfblk179_reg[1] [5]
Replacing Subsystem_2.$procdff$10238 ($adff): CLK=\clk, D=$0\cfblk179_reg[1][6:6], Q=\cfblk179_reg[1] [6]
Replacing Subsystem_2.$procdff$10237 ($adff): CLK=\clk, D=$0\cfblk179_reg[1][7:7], Q=\cfblk179_reg[1] [7]
Replacing Subsystem_2.$procdff$10236 ($adff): CLK=\clk, D=$0\cfblk180_reg[0][0:0], Q=\cfblk180_reg[0] [0]
Replacing Subsystem_2.$procdff$10235 ($adff): CLK=\clk, D=$0\cfblk180_reg[0][1:1], Q=\cfblk180_reg[0] [1]
Replacing Subsystem_2.$procdff$10234 ($adff): CLK=\clk, D=$0\cfblk180_reg[0][2:2], Q=\cfblk180_reg[0] [2]
Replacing Subsystem_2.$procdff$10233 ($adff): CLK=\clk, D=$0\cfblk180_reg[0][3:3], Q=\cfblk180_reg[0] [3]
Replacing Subsystem_2.$procdff$10232 ($adff): CLK=\clk, D=$0\cfblk180_reg[0][4:4], Q=\cfblk180_reg[0] [4]
Replacing Subsystem_2.$procdff$10231 ($adff): CLK=\clk, D=$0\cfblk180_reg[0][5:5], Q=\cfblk180_reg[0] [5]
Replacing Subsystem_2.$procdff$10230 ($adff): CLK=\clk, D=$0\cfblk180_reg[0][6:6], Q=\cfblk180_reg[0] [6]
Replacing Subsystem_2.$procdff$10229 ($adff): CLK=\clk, D=$0\cfblk180_reg[0][7:7], Q=\cfblk180_reg[0] [7]
Replacing Subsystem_2.$procdff$10228 ($adff): CLK=\clk, D=$0\cfblk180_reg[1][0:0], Q=\cfblk180_reg[1] [0]
Replacing Subsystem_2.$procdff$10227 ($adff): CLK=\clk, D=$0\cfblk180_reg[1][1:1], Q=\cfblk180_reg[1] [1]
Replacing Subsystem_2.$procdff$10226 ($adff): CLK=\clk, D=$0\cfblk180_reg[1][2:2], Q=\cfblk180_reg[1] [2]
Replacing Subsystem_2.$procdff$10225 ($adff): CLK=\clk, D=$0\cfblk180_reg[1][3:3], Q=\cfblk180_reg[1] [3]
Replacing Subsystem_2.$procdff$10224 ($adff): CLK=\clk, D=$0\cfblk180_reg[1][4:4], Q=\cfblk180_reg[1] [4]
Replacing Subsystem_2.$procdff$10223 ($adff): CLK=\clk, D=$0\cfblk180_reg[1][5:5], Q=\cfblk180_reg[1] [5]
Replacing Subsystem_2.$procdff$10222 ($adff): CLK=\clk, D=$0\cfblk180_reg[1][6:6], Q=\cfblk180_reg[1] [6]
Replacing Subsystem_2.$procdff$10221 ($adff): CLK=\clk, D=$0\cfblk180_reg[1][7:7], Q=\cfblk180_reg[1] [7]
Replacing Subsystem_2.$procdff$10220 ($adff): CLK=\clk, D=$0\emi_49_reg_reg[0][0][0:0], Q=\emi_49_reg_reg[0][0]
Replacing Subsystem_2.$procdff$10219 ($adff): CLK=\clk, D=$0\emi_49_reg_reg[1][0][0:0], Q=\emi_49_reg_reg[1][0]
Replacing Subsystem_2.$procdff$10218 ($adff): CLK=\clk, D=$0\emi_285_reg[0][0:0], Q=\emi_285_reg[0] [0]
Replacing Subsystem_2.$procdff$10217 ($adff): CLK=\clk, D=$0\emi_285_reg[0][1:1], Q=\emi_285_reg[0] [1]
Replacing Subsystem_2.$procdff$10216 ($adff): CLK=\clk, D=$0\emi_285_reg[0][2:2], Q=\emi_285_reg[0] [2]
Replacing Subsystem_2.$procdff$10215 ($adff): CLK=\clk, D=$0\emi_285_reg[0][3:3], Q=\emi_285_reg[0] [3]
Replacing Subsystem_2.$procdff$10214 ($adff): CLK=\clk, D=$0\emi_285_reg[0][4:4], Q=\emi_285_reg[0] [4]
Replacing Subsystem_2.$procdff$10213 ($adff): CLK=\clk, D=$0\emi_285_reg[0][5:5], Q=\emi_285_reg[0] [5]
Replacing Subsystem_2.$procdff$10212 ($adff): CLK=\clk, D=$0\emi_285_reg[0][6:6], Q=\emi_285_reg[0] [6]
Replacing Subsystem_2.$procdff$10211 ($adff): CLK=\clk, D=$0\emi_285_reg[0][7:7], Q=\emi_285_reg[0] [7]
Replacing Subsystem_2.$procdff$10210 ($adff): CLK=\clk, D=$0\emi_285_reg[1][0:0], Q=\emi_285_reg[1] [0]
Replacing Subsystem_2.$procdff$10209 ($adff): CLK=\clk, D=$0\emi_285_reg[1][1:1], Q=\emi_285_reg[1] [1]
Replacing Subsystem_2.$procdff$10208 ($adff): CLK=\clk, D=$0\emi_285_reg[1][2:2], Q=\emi_285_reg[1] [2]
Replacing Subsystem_2.$procdff$10207 ($adff): CLK=\clk, D=$0\emi_285_reg[1][3:3], Q=\emi_285_reg[1] [3]
Replacing Subsystem_2.$procdff$10206 ($adff): CLK=\clk, D=$0\emi_285_reg[1][4:4], Q=\emi_285_reg[1] [4]
Replacing Subsystem_2.$procdff$10205 ($adff): CLK=\clk, D=$0\emi_285_reg[1][5:5], Q=\emi_285_reg[1] [5]
Replacing Subsystem_2.$procdff$10204 ($adff): CLK=\clk, D=$0\emi_285_reg[1][6:6], Q=\emi_285_reg[1] [6]
Replacing Subsystem_2.$procdff$10203 ($adff): CLK=\clk, D=$0\emi_285_reg[1][7:7], Q=\emi_285_reg[1] [7]
Replacing Subsystem_2.$procdff$10202 ($adff): CLK=\clk, D=$0\cfblk185_reg[0][0:0], Q=\cfblk185_reg[0] [0]
Replacing Subsystem_2.$procdff$10201 ($adff): CLK=\clk, D=$0\cfblk185_reg[0][1:1], Q=\cfblk185_reg[0] [1]
Replacing Subsystem_2.$procdff$10200 ($adff): CLK=\clk, D=$0\cfblk185_reg[0][2:2], Q=\cfblk185_reg[0] [2]
Replacing Subsystem_2.$procdff$10199 ($adff): CLK=\clk, D=$0\cfblk185_reg[0][3:3], Q=\cfblk185_reg[0] [3]
Replacing Subsystem_2.$procdff$10198 ($adff): CLK=\clk, D=$0\cfblk185_reg[0][4:4], Q=\cfblk185_reg[0] [4]
Replacing Subsystem_2.$procdff$10197 ($adff): CLK=\clk, D=$0\cfblk185_reg[0][5:5], Q=\cfblk185_reg[0] [5]
Replacing Subsystem_2.$procdff$10196 ($adff): CLK=\clk, D=$0\cfblk185_reg[0][6:6], Q=\cfblk185_reg[0] [6]
Replacing Subsystem_2.$procdff$10195 ($adff): CLK=\clk, D=$0\cfblk185_reg[0][7:7], Q=\cfblk185_reg[0] [7]
Replacing Subsystem_2.$procdff$10194 ($adff): CLK=\clk, D=$0\cfblk185_reg[1][0:0], Q=\cfblk185_reg[1] [0]
Replacing Subsystem_2.$procdff$10193 ($adff): CLK=\clk, D=$0\cfblk185_reg[1][1:1], Q=\cfblk185_reg[1] [1]
Replacing Subsystem_2.$procdff$10192 ($adff): CLK=\clk, D=$0\cfblk185_reg[1][2:2], Q=\cfblk185_reg[1] [2]
Replacing Subsystem_2.$procdff$10191 ($adff): CLK=\clk, D=$0\cfblk185_reg[1][3:3], Q=\cfblk185_reg[1] [3]
Replacing Subsystem_2.$procdff$10190 ($adff): CLK=\clk, D=$0\cfblk185_reg[1][4:4], Q=\cfblk185_reg[1] [4]
Replacing Subsystem_2.$procdff$10189 ($adff): CLK=\clk, D=$0\cfblk185_reg[1][5:5], Q=\cfblk185_reg[1] [5]
Replacing Subsystem_2.$procdff$10188 ($adff): CLK=\clk, D=$0\cfblk185_reg[1][6:6], Q=\cfblk185_reg[1] [6]
Replacing Subsystem_2.$procdff$10187 ($adff): CLK=\clk, D=$0\cfblk185_reg[1][7:7], Q=\cfblk185_reg[1] [7]
Replacing Subsystem_2.$procdff$10186 ($adff): CLK=\clk, D=$0\emi_301_reg[0][0:0], Q=\emi_301_reg[0] [0]
Replacing Subsystem_2.$procdff$10185 ($adff): CLK=\clk, D=$0\emi_301_reg[0][1:1], Q=\emi_301_reg[0] [1]
Replacing Subsystem_2.$procdff$10184 ($adff): CLK=\clk, D=$0\emi_301_reg[0][2:2], Q=\emi_301_reg[0] [2]
Replacing Subsystem_2.$procdff$10183 ($adff): CLK=\clk, D=$0\emi_301_reg[0][3:3], Q=\emi_301_reg[0] [3]
Replacing Subsystem_2.$procdff$10182 ($adff): CLK=\clk, D=$0\emi_301_reg[0][4:4], Q=\emi_301_reg[0] [4]
Replacing Subsystem_2.$procdff$10181 ($adff): CLK=\clk, D=$0\emi_301_reg[0][5:5], Q=\emi_301_reg[0] [5]
Replacing Subsystem_2.$procdff$10180 ($adff): CLK=\clk, D=$0\emi_301_reg[0][6:6], Q=\emi_301_reg[0] [6]
Replacing Subsystem_2.$procdff$10179 ($adff): CLK=\clk, D=$0\emi_301_reg[0][7:7], Q=\emi_301_reg[0] [7]
Replacing Subsystem_2.$procdff$10178 ($adff): CLK=\clk, D=$0\emi_301_reg[1][0:0], Q=\emi_301_reg[1] [0]
Replacing Subsystem_2.$procdff$10177 ($adff): CLK=\clk, D=$0\emi_301_reg[1][1:1], Q=\emi_301_reg[1] [1]
Replacing Subsystem_2.$procdff$10176 ($adff): CLK=\clk, D=$0\emi_301_reg[1][2:2], Q=\emi_301_reg[1] [2]
Replacing Subsystem_2.$procdff$10175 ($adff): CLK=\clk, D=$0\emi_301_reg[1][3:3], Q=\emi_301_reg[1] [3]
Replacing Subsystem_2.$procdff$10174 ($adff): CLK=\clk, D=$0\emi_301_reg[1][4:4], Q=\emi_301_reg[1] [4]
Replacing Subsystem_2.$procdff$10173 ($adff): CLK=\clk, D=$0\emi_301_reg[1][5:5], Q=\emi_301_reg[1] [5]
Replacing Subsystem_2.$procdff$10172 ($adff): CLK=\clk, D=$0\emi_301_reg[1][6:6], Q=\emi_301_reg[1] [6]
Replacing Subsystem_2.$procdff$10171 ($adff): CLK=\clk, D=$0\emi_301_reg[1][7:7], Q=\emi_301_reg[1] [7]
Replacing Subsystem_2.$procdff$10170 ($adff): CLK=\clk, D=$0\cfblk191_reg_reg[0][0][0:0], Q=\cfblk191_reg_reg[0][0]
Replacing Subsystem_2.$procdff$10169 ($adff): CLK=\clk, D=$0\cfblk191_reg_reg[1][0][0:0], Q=\cfblk191_reg_reg[1][0]
Replacing Subsystem_2.$procdff$10168 ($adff): CLK=\clk, D=$0\cfblk173_reg[0][0:0], Q=\cfblk173_reg[0] [0]
Replacing Subsystem_2.$procdff$10167 ($adff): CLK=\clk, D=$0\cfblk173_reg[0][1:1], Q=\cfblk173_reg[0] [1]
Replacing Subsystem_2.$procdff$10166 ($adff): CLK=\clk, D=$0\cfblk173_reg[0][2:2], Q=\cfblk173_reg[0] [2]
Replacing Subsystem_2.$procdff$10165 ($adff): CLK=\clk, D=$0\cfblk173_reg[0][3:3], Q=\cfblk173_reg[0] [3]
Replacing Subsystem_2.$procdff$10164 ($adff): CLK=\clk, D=$0\cfblk173_reg[0][4:4], Q=\cfblk173_reg[0] [4]
Replacing Subsystem_2.$procdff$10163 ($adff): CLK=\clk, D=$0\cfblk173_reg[0][5:5], Q=\cfblk173_reg[0] [5]
Replacing Subsystem_2.$procdff$10162 ($adff): CLK=\clk, D=$0\cfblk173_reg[0][6:6], Q=\cfblk173_reg[0] [6]
Replacing Subsystem_2.$procdff$10161 ($adff): CLK=\clk, D=$0\cfblk173_reg[0][7:7], Q=\cfblk173_reg[0] [7]
Replacing Subsystem_2.$procdff$10160 ($adff): CLK=\clk, D=$0\cfblk173_reg[1][0:0], Q=\cfblk173_reg[1] [0]
Replacing Subsystem_2.$procdff$10159 ($adff): CLK=\clk, D=$0\cfblk173_reg[1][1:1], Q=\cfblk173_reg[1] [1]
Replacing Subsystem_2.$procdff$10158 ($adff): CLK=\clk, D=$0\cfblk173_reg[1][2:2], Q=\cfblk173_reg[1] [2]
Replacing Subsystem_2.$procdff$10157 ($adff): CLK=\clk, D=$0\cfblk173_reg[1][3:3], Q=\cfblk173_reg[1] [3]
Replacing Subsystem_2.$procdff$10156 ($adff): CLK=\clk, D=$0\cfblk173_reg[1][4:4], Q=\cfblk173_reg[1] [4]
Replacing Subsystem_2.$procdff$10155 ($adff): CLK=\clk, D=$0\cfblk173_reg[1][5:5], Q=\cfblk173_reg[1] [5]
Replacing Subsystem_2.$procdff$10154 ($adff): CLK=\clk, D=$0\cfblk173_reg[1][6:6], Q=\cfblk173_reg[1] [6]
Replacing Subsystem_2.$procdff$10153 ($adff): CLK=\clk, D=$0\cfblk173_reg[1][7:7], Q=\cfblk173_reg[1] [7]
Replacing Subsystem_2.$procdff$10152 ($adff): CLK=\clk, D=$0\cfblk184_reg[0][0:0], Q=\cfblk184_reg[0] [0]
Replacing Subsystem_2.$procdff$10151 ($adff): CLK=\clk, D=$0\cfblk184_reg[0][1:1], Q=\cfblk184_reg[0] [1]
Replacing Subsystem_2.$procdff$10150 ($adff): CLK=\clk, D=$0\cfblk184_reg[0][2:2], Q=\cfblk184_reg[0] [2]
Replacing Subsystem_2.$procdff$10149 ($adff): CLK=\clk, D=$0\cfblk184_reg[0][3:3], Q=\cfblk184_reg[0] [3]
Replacing Subsystem_2.$procdff$10148 ($adff): CLK=\clk, D=$0\cfblk184_reg[0][4:4], Q=\cfblk184_reg[0] [4]
Replacing Subsystem_2.$procdff$10147 ($adff): CLK=\clk, D=$0\cfblk184_reg[0][5:5], Q=\cfblk184_reg[0] [5]
Replacing Subsystem_2.$procdff$10146 ($adff): CLK=\clk, D=$0\cfblk184_reg[0][6:6], Q=\cfblk184_reg[0] [6]
Replacing Subsystem_2.$procdff$10145 ($adff): CLK=\clk, D=$0\cfblk184_reg[0][7:7], Q=\cfblk184_reg[0] [7]
Replacing Subsystem_2.$procdff$10144 ($adff): CLK=\clk, D=$0\cfblk184_reg[1][0:0], Q=\cfblk184_reg[1] [0]
Replacing Subsystem_2.$procdff$10143 ($adff): CLK=\clk, D=$0\cfblk184_reg[1][1:1], Q=\cfblk184_reg[1] [1]
Replacing Subsystem_2.$procdff$10142 ($adff): CLK=\clk, D=$0\cfblk184_reg[1][2:2], Q=\cfblk184_reg[1] [2]
Replacing Subsystem_2.$procdff$10141 ($adff): CLK=\clk, D=$0\cfblk184_reg[1][3:3], Q=\cfblk184_reg[1] [3]
Replacing Subsystem_2.$procdff$10140 ($adff): CLK=\clk, D=$0\cfblk184_reg[1][4:4], Q=\cfblk184_reg[1] [4]
Replacing Subsystem_2.$procdff$10139 ($adff): CLK=\clk, D=$0\cfblk184_reg[1][5:5], Q=\cfblk184_reg[1] [5]
Replacing Subsystem_2.$procdff$10138 ($adff): CLK=\clk, D=$0\cfblk184_reg[1][6:6], Q=\cfblk184_reg[1] [6]
Replacing Subsystem_2.$procdff$10137 ($adff): CLK=\clk, D=$0\cfblk184_reg[1][7:7], Q=\cfblk184_reg[1] [7]
Replacing Subsystem_2.$procdff$10136 ($adff): CLK=\clk, D=$0\cfblk192_reg[0][0:0], Q=\cfblk192_reg[0] [0]
Replacing Subsystem_2.$procdff$10135 ($adff): CLK=\clk, D=$0\cfblk192_reg[0][1:1], Q=\cfblk192_reg[0] [1]
Replacing Subsystem_2.$procdff$10134 ($adff): CLK=\clk, D=$0\cfblk192_reg[0][2:2], Q=\cfblk192_reg[0] [2]
Replacing Subsystem_2.$procdff$10133 ($adff): CLK=\clk, D=$0\cfblk192_reg[0][3:3], Q=\cfblk192_reg[0] [3]
Replacing Subsystem_2.$procdff$10132 ($adff): CLK=\clk, D=$0\cfblk192_reg[0][4:4], Q=\cfblk192_reg[0] [4]
Replacing Subsystem_2.$procdff$10131 ($adff): CLK=\clk, D=$0\cfblk192_reg[0][5:5], Q=\cfblk192_reg[0] [5]
Replacing Subsystem_2.$procdff$10130 ($adff): CLK=\clk, D=$0\cfblk192_reg[0][6:6], Q=\cfblk192_reg[0] [6]
Replacing Subsystem_2.$procdff$10129 ($adff): CLK=\clk, D=$0\cfblk192_reg[0][7:7], Q=\cfblk192_reg[0] [7]
Replacing Subsystem_2.$procdff$10128 ($adff): CLK=\clk, D=$0\cfblk192_reg[1][0:0], Q=\cfblk192_reg[1] [0]
Replacing Subsystem_2.$procdff$10127 ($adff): CLK=\clk, D=$0\cfblk192_reg[1][1:1], Q=\cfblk192_reg[1] [1]
Replacing Subsystem_2.$procdff$10126 ($adff): CLK=\clk, D=$0\cfblk192_reg[1][2:2], Q=\cfblk192_reg[1] [2]
Replacing Subsystem_2.$procdff$10125 ($adff): CLK=\clk, D=$0\cfblk192_reg[1][3:3], Q=\cfblk192_reg[1] [3]
Replacing Subsystem_2.$procdff$10124 ($adff): CLK=\clk, D=$0\cfblk192_reg[1][4:4], Q=\cfblk192_reg[1] [4]
Replacing Subsystem_2.$procdff$10123 ($adff): CLK=\clk, D=$0\cfblk192_reg[1][5:5], Q=\cfblk192_reg[1] [5]
Replacing Subsystem_2.$procdff$10122 ($adff): CLK=\clk, D=$0\cfblk192_reg[1][6:6], Q=\cfblk192_reg[1] [6]
Replacing Subsystem_2.$procdff$10121 ($adff): CLK=\clk, D=$0\cfblk192_reg[1][7:7], Q=\cfblk192_reg[1] [7]
Replacing Subsystem_2.$procdff$10120 ($adff): CLK=\clk, D=$0\emi_317_reg_reg[0][0][0:0], Q=\emi_317_reg_reg[0][0]
Replacing Subsystem_2.$procdff$10119 ($adff): CLK=\clk, D=$0\emi_317_reg_reg[1][0][0:0], Q=\emi_317_reg_reg[1][0]
Replacing Subsystem_2.$procdff$10118 ($adff): CLK=\clk, D=$0\cfblk171_reg[0][0:0], Q=\cfblk171_reg[0] [0]
Replacing Subsystem_2.$procdff$10117 ($adff): CLK=\clk, D=$0\cfblk171_reg[0][1:1], Q=\cfblk171_reg[0] [1]
Replacing Subsystem_2.$procdff$10116 ($adff): CLK=\clk, D=$0\cfblk171_reg[0][2:2], Q=\cfblk171_reg[0] [2]
Replacing Subsystem_2.$procdff$10115 ($adff): CLK=\clk, D=$0\cfblk171_reg[0][3:3], Q=\cfblk171_reg[0] [3]
Replacing Subsystem_2.$procdff$10114 ($adff): CLK=\clk, D=$0\cfblk171_reg[0][4:4], Q=\cfblk171_reg[0] [4]
Replacing Subsystem_2.$procdff$10113 ($adff): CLK=\clk, D=$0\cfblk171_reg[0][5:5], Q=\cfblk171_reg[0] [5]
Replacing Subsystem_2.$procdff$10112 ($adff): CLK=\clk, D=$0\cfblk171_reg[0][6:6], Q=\cfblk171_reg[0] [6]
Replacing Subsystem_2.$procdff$10111 ($adff): CLK=\clk, D=$0\cfblk171_reg[0][7:7], Q=\cfblk171_reg[0] [7]
Replacing Subsystem_2.$procdff$10110 ($adff): CLK=\clk, D=$0\cfblk171_reg[1][0:0], Q=\cfblk171_reg[1] [0]
Replacing Subsystem_2.$procdff$10109 ($adff): CLK=\clk, D=$0\cfblk171_reg[1][1:1], Q=\cfblk171_reg[1] [1]
Replacing Subsystem_2.$procdff$10108 ($adff): CLK=\clk, D=$0\cfblk171_reg[1][2:2], Q=\cfblk171_reg[1] [2]
Replacing Subsystem_2.$procdff$10107 ($adff): CLK=\clk, D=$0\cfblk171_reg[1][3:3], Q=\cfblk171_reg[1] [3]
Replacing Subsystem_2.$procdff$10106 ($adff): CLK=\clk, D=$0\cfblk171_reg[1][4:4], Q=\cfblk171_reg[1] [4]
Replacing Subsystem_2.$procdff$10105 ($adff): CLK=\clk, D=$0\cfblk171_reg[1][5:5], Q=\cfblk171_reg[1] [5]
Replacing Subsystem_2.$procdff$10104 ($adff): CLK=\clk, D=$0\cfblk171_reg[1][6:6], Q=\cfblk171_reg[1] [6]
Replacing Subsystem_2.$procdff$10103 ($adff): CLK=\clk, D=$0\cfblk171_reg[1][7:7], Q=\cfblk171_reg[1] [7]
Replacing Subsystem_2.$procdff$10102 ($adff): CLK=\clk, D=$0\emi_73_reg[0][0:0], Q=\emi_73_reg[0] [0]
Replacing Subsystem_2.$procdff$10101 ($adff): CLK=\clk, D=$0\emi_73_reg[0][1:1], Q=\emi_73_reg[0] [1]
Replacing Subsystem_2.$procdff$10100 ($adff): CLK=\clk, D=$0\emi_73_reg[0][2:2], Q=\emi_73_reg[0] [2]
Replacing Subsystem_2.$procdff$10099 ($adff): CLK=\clk, D=$0\emi_73_reg[0][3:3], Q=\emi_73_reg[0] [3]
Replacing Subsystem_2.$procdff$10098 ($adff): CLK=\clk, D=$0\emi_73_reg[0][4:4], Q=\emi_73_reg[0] [4]
Replacing Subsystem_2.$procdff$10097 ($adff): CLK=\clk, D=$0\emi_73_reg[0][5:5], Q=\emi_73_reg[0] [5]
Replacing Subsystem_2.$procdff$10096 ($adff): CLK=\clk, D=$0\emi_73_reg[0][6:6], Q=\emi_73_reg[0] [6]
Replacing Subsystem_2.$procdff$10095 ($adff): CLK=\clk, D=$0\emi_73_reg[0][7:7], Q=\emi_73_reg[0] [7]
Replacing Subsystem_2.$procdff$10094 ($adff): CLK=\clk, D=$0\emi_73_reg[1][0:0], Q=\emi_73_reg[1] [0]
Replacing Subsystem_2.$procdff$10093 ($adff): CLK=\clk, D=$0\emi_73_reg[1][1:1], Q=\emi_73_reg[1] [1]
Replacing Subsystem_2.$procdff$10092 ($adff): CLK=\clk, D=$0\emi_73_reg[1][2:2], Q=\emi_73_reg[1] [2]
Replacing Subsystem_2.$procdff$10091 ($adff): CLK=\clk, D=$0\emi_73_reg[1][3:3], Q=\emi_73_reg[1] [3]
Replacing Subsystem_2.$procdff$10090 ($adff): CLK=\clk, D=$0\emi_73_reg[1][4:4], Q=\emi_73_reg[1] [4]
Replacing Subsystem_2.$procdff$10089 ($adff): CLK=\clk, D=$0\emi_73_reg[1][5:5], Q=\emi_73_reg[1] [5]
Replacing Subsystem_2.$procdff$10088 ($adff): CLK=\clk, D=$0\emi_73_reg[1][6:6], Q=\emi_73_reg[1] [6]
Replacing Subsystem_2.$procdff$10087 ($adff): CLK=\clk, D=$0\emi_73_reg[1][7:7], Q=\emi_73_reg[1] [7]
Replacing Subsystem_2.$procdff$10086 ($adff): CLK=\clk, D=$0\emi_326_reg[0][0:0], Q=\emi_326_reg[0] [0]
Replacing Subsystem_2.$procdff$10085 ($adff): CLK=\clk, D=$0\emi_326_reg[0][1:1], Q=\emi_326_reg[0] [1]
Replacing Subsystem_2.$procdff$10084 ($adff): CLK=\clk, D=$0\emi_326_reg[0][2:2], Q=\emi_326_reg[0] [2]
Replacing Subsystem_2.$procdff$10083 ($adff): CLK=\clk, D=$0\emi_326_reg[0][3:3], Q=\emi_326_reg[0] [3]
Replacing Subsystem_2.$procdff$10082 ($adff): CLK=\clk, D=$0\emi_326_reg[0][4:4], Q=\emi_326_reg[0] [4]
Replacing Subsystem_2.$procdff$10081 ($adff): CLK=\clk, D=$0\emi_326_reg[0][5:5], Q=\emi_326_reg[0] [5]
Replacing Subsystem_2.$procdff$10080 ($adff): CLK=\clk, D=$0\emi_326_reg[0][6:6], Q=\emi_326_reg[0] [6]
Replacing Subsystem_2.$procdff$10079 ($adff): CLK=\clk, D=$0\emi_326_reg[0][7:7], Q=\emi_326_reg[0] [7]
Replacing Subsystem_2.$procdff$10078 ($adff): CLK=\clk, D=$0\emi_326_reg[1][0:0], Q=\emi_326_reg[1] [0]
Replacing Subsystem_2.$procdff$10077 ($adff): CLK=\clk, D=$0\emi_326_reg[1][1:1], Q=\emi_326_reg[1] [1]
Replacing Subsystem_2.$procdff$10076 ($adff): CLK=\clk, D=$0\emi_326_reg[1][2:2], Q=\emi_326_reg[1] [2]
Replacing Subsystem_2.$procdff$10075 ($adff): CLK=\clk, D=$0\emi_326_reg[1][3:3], Q=\emi_326_reg[1] [3]
Replacing Subsystem_2.$procdff$10074 ($adff): CLK=\clk, D=$0\emi_326_reg[1][4:4], Q=\emi_326_reg[1] [4]
Replacing Subsystem_2.$procdff$10073 ($adff): CLK=\clk, D=$0\emi_326_reg[1][5:5], Q=\emi_326_reg[1] [5]
Replacing Subsystem_2.$procdff$10072 ($adff): CLK=\clk, D=$0\emi_326_reg[1][6:6], Q=\emi_326_reg[1] [6]
Replacing Subsystem_2.$procdff$10071 ($adff): CLK=\clk, D=$0\emi_326_reg[1][7:7], Q=\emi_326_reg[1] [7]
Replacing Subsystem_2.$procdff$10070 ($adff): CLK=\clk, D=$0\cfblk183_reg[0][0:0], Q=\cfblk183_reg[0] [0]
Replacing Subsystem_2.$procdff$10069 ($adff): CLK=\clk, D=$0\cfblk183_reg[0][1:1], Q=\cfblk183_reg[0] [1]
Replacing Subsystem_2.$procdff$10068 ($adff): CLK=\clk, D=$0\cfblk183_reg[0][2:2], Q=\cfblk183_reg[0] [2]
Replacing Subsystem_2.$procdff$10067 ($adff): CLK=\clk, D=$0\cfblk183_reg[0][3:3], Q=\cfblk183_reg[0] [3]
Replacing Subsystem_2.$procdff$10066 ($adff): CLK=\clk, D=$0\cfblk183_reg[0][4:4], Q=\cfblk183_reg[0] [4]
Replacing Subsystem_2.$procdff$10065 ($adff): CLK=\clk, D=$0\cfblk183_reg[0][5:5], Q=\cfblk183_reg[0] [5]
Replacing Subsystem_2.$procdff$10064 ($adff): CLK=\clk, D=$0\cfblk183_reg[0][6:6], Q=\cfblk183_reg[0] [6]
Replacing Subsystem_2.$procdff$10063 ($adff): CLK=\clk, D=$0\cfblk183_reg[0][7:7], Q=\cfblk183_reg[0] [7]
Replacing Subsystem_2.$procdff$10062 ($adff): CLK=\clk, D=$0\cfblk183_reg[1][0:0], Q=\cfblk183_reg[1] [0]
Replacing Subsystem_2.$procdff$10061 ($adff): CLK=\clk, D=$0\cfblk183_reg[1][1:1], Q=\cfblk183_reg[1] [1]
Replacing Subsystem_2.$procdff$10060 ($adff): CLK=\clk, D=$0\cfblk183_reg[1][2:2], Q=\cfblk183_reg[1] [2]
Replacing Subsystem_2.$procdff$10059 ($adff): CLK=\clk, D=$0\cfblk183_reg[1][3:3], Q=\cfblk183_reg[1] [3]
Replacing Subsystem_2.$procdff$10058 ($adff): CLK=\clk, D=$0\cfblk183_reg[1][4:4], Q=\cfblk183_reg[1] [4]
Replacing Subsystem_2.$procdff$10057 ($adff): CLK=\clk, D=$0\cfblk183_reg[1][5:5], Q=\cfblk183_reg[1] [5]
Replacing Subsystem_2.$procdff$10056 ($adff): CLK=\clk, D=$0\cfblk183_reg[1][6:6], Q=\cfblk183_reg[1] [6]
Replacing Subsystem_2.$procdff$10055 ($adff): CLK=\clk, D=$0\cfblk183_reg[1][7:7], Q=\cfblk183_reg[1] [7]
Replacing Subsystem_2.$procdff$10054 ($adff): CLK=\clk, D=$0\emi_269_reg[0][0:0], Q=\emi_269_reg[0] [0]
Replacing Subsystem_2.$procdff$10053 ($adff): CLK=\clk, D=$0\emi_269_reg[0][1:1], Q=\emi_269_reg[0] [1]
Replacing Subsystem_2.$procdff$10052 ($adff): CLK=\clk, D=$0\emi_269_reg[0][2:2], Q=\emi_269_reg[0] [2]
Replacing Subsystem_2.$procdff$10051 ($adff): CLK=\clk, D=$0\emi_269_reg[0][3:3], Q=\emi_269_reg[0] [3]
Replacing Subsystem_2.$procdff$10050 ($adff): CLK=\clk, D=$0\emi_269_reg[0][4:4], Q=\emi_269_reg[0] [4]
Replacing Subsystem_2.$procdff$10049 ($adff): CLK=\clk, D=$0\emi_269_reg[0][5:5], Q=\emi_269_reg[0] [5]
Replacing Subsystem_2.$procdff$10048 ($adff): CLK=\clk, D=$0\emi_269_reg[0][6:6], Q=\emi_269_reg[0] [6]
Replacing Subsystem_2.$procdff$10047 ($adff): CLK=\clk, D=$0\emi_269_reg[0][7:7], Q=\emi_269_reg[0] [7]
Replacing Subsystem_2.$procdff$10046 ($adff): CLK=\clk, D=$0\emi_269_reg[1][0:0], Q=\emi_269_reg[1] [0]
Replacing Subsystem_2.$procdff$10045 ($adff): CLK=\clk, D=$0\emi_269_reg[1][1:1], Q=\emi_269_reg[1] [1]
Replacing Subsystem_2.$procdff$10044 ($adff): CLK=\clk, D=$0\emi_269_reg[1][2:2], Q=\emi_269_reg[1] [2]
Replacing Subsystem_2.$procdff$10043 ($adff): CLK=\clk, D=$0\emi_269_reg[1][3:3], Q=\emi_269_reg[1] [3]
Replacing Subsystem_2.$procdff$10042 ($adff): CLK=\clk, D=$0\emi_269_reg[1][4:4], Q=\emi_269_reg[1] [4]
Replacing Subsystem_2.$procdff$10041 ($adff): CLK=\clk, D=$0\emi_269_reg[1][5:5], Q=\emi_269_reg[1] [5]
Replacing Subsystem_2.$procdff$10040 ($adff): CLK=\clk, D=$0\emi_269_reg[1][6:6], Q=\emi_269_reg[1] [6]
Replacing Subsystem_2.$procdff$10039 ($adff): CLK=\clk, D=$0\emi_269_reg[1][7:7], Q=\emi_269_reg[1] [7]
Replacing Subsystem_2.$procdff$10038 ($adff): CLK=\clk, D=$0\cfblk182_reg[0][0:0], Q=\cfblk182_reg[0] [0]
Replacing Subsystem_2.$procdff$10037 ($adff): CLK=\clk, D=$0\cfblk182_reg[0][1:1], Q=\cfblk182_reg[0] [1]
Replacing Subsystem_2.$procdff$10036 ($adff): CLK=\clk, D=$0\cfblk182_reg[0][2:2], Q=\cfblk182_reg[0] [2]
Replacing Subsystem_2.$procdff$10035 ($adff): CLK=\clk, D=$0\cfblk182_reg[0][3:3], Q=\cfblk182_reg[0] [3]
Replacing Subsystem_2.$procdff$10034 ($adff): CLK=\clk, D=$0\cfblk182_reg[0][4:4], Q=\cfblk182_reg[0] [4]
Replacing Subsystem_2.$procdff$10033 ($adff): CLK=\clk, D=$0\cfblk182_reg[0][5:5], Q=\cfblk182_reg[0] [5]
Replacing Subsystem_2.$procdff$10032 ($adff): CLK=\clk, D=$0\cfblk182_reg[0][6:6], Q=\cfblk182_reg[0] [6]
Replacing Subsystem_2.$procdff$10031 ($adff): CLK=\clk, D=$0\cfblk182_reg[0][7:7], Q=\cfblk182_reg[0] [7]
Replacing Subsystem_2.$procdff$10030 ($adff): CLK=\clk, D=$0\cfblk182_reg[1][0:0], Q=\cfblk182_reg[1] [0]
Replacing Subsystem_2.$procdff$10029 ($adff): CLK=\clk, D=$0\cfblk182_reg[1][1:1], Q=\cfblk182_reg[1] [1]
Replacing Subsystem_2.$procdff$10028 ($adff): CLK=\clk, D=$0\cfblk182_reg[1][2:2], Q=\cfblk182_reg[1] [2]
Replacing Subsystem_2.$procdff$10027 ($adff): CLK=\clk, D=$0\cfblk182_reg[1][3:3], Q=\cfblk182_reg[1] [3]
Replacing Subsystem_2.$procdff$10026 ($adff): CLK=\clk, D=$0\cfblk182_reg[1][4:4], Q=\cfblk182_reg[1] [4]
Replacing Subsystem_2.$procdff$10025 ($adff): CLK=\clk, D=$0\cfblk182_reg[1][5:5], Q=\cfblk182_reg[1] [5]
Replacing Subsystem_2.$procdff$10024 ($adff): CLK=\clk, D=$0\cfblk182_reg[1][6:6], Q=\cfblk182_reg[1] [6]
Replacing Subsystem_2.$procdff$10023 ($adff): CLK=\clk, D=$0\cfblk182_reg[1][7:7], Q=\cfblk182_reg[1] [7]
Replacing Subsystem_2.$procdff$10022 ($adff): CLK=\clk, D=$0\cfblk198_reg_reg[0][0][0:0], Q=\cfblk198_reg_reg[0][0]
Replacing Subsystem_2.$procdff$10021 ($adff): CLK=\clk, D=$0\cfblk198_reg_reg[1][0][0:0], Q=\cfblk198_reg_reg[1][0]
Replacing Subsystem_2.$procdff$10020 ($adff): CLK=\clk, D=$0\cfblk186_reg[0][0:0], Q=\cfblk186_reg[0] [0]
Replacing Subsystem_2.$procdff$10019 ($adff): CLK=\clk, D=$0\cfblk186_reg[0][1:1], Q=\cfblk186_reg[0] [1]
Replacing Subsystem_2.$procdff$10018 ($adff): CLK=\clk, D=$0\cfblk186_reg[0][2:2], Q=\cfblk186_reg[0] [2]
Replacing Subsystem_2.$procdff$10017 ($adff): CLK=\clk, D=$0\cfblk186_reg[0][3:3], Q=\cfblk186_reg[0] [3]
Replacing Subsystem_2.$procdff$10016 ($adff): CLK=\clk, D=$0\cfblk186_reg[0][4:4], Q=\cfblk186_reg[0] [4]
Replacing Subsystem_2.$procdff$10015 ($adff): CLK=\clk, D=$0\cfblk186_reg[0][5:5], Q=\cfblk186_reg[0] [5]
Replacing Subsystem_2.$procdff$10014 ($adff): CLK=\clk, D=$0\cfblk186_reg[0][6:6], Q=\cfblk186_reg[0] [6]
Replacing Subsystem_2.$procdff$10013 ($adff): CLK=\clk, D=$0\cfblk186_reg[0][7:7], Q=\cfblk186_reg[0] [7]
Replacing Subsystem_2.$procdff$10012 ($adff): CLK=\clk, D=$0\cfblk186_reg[1][0:0], Q=\cfblk186_reg[1] [0]
Replacing Subsystem_2.$procdff$10011 ($adff): CLK=\clk, D=$0\cfblk186_reg[1][1:1], Q=\cfblk186_reg[1] [1]
Replacing Subsystem_2.$procdff$10010 ($adff): CLK=\clk, D=$0\cfblk186_reg[1][2:2], Q=\cfblk186_reg[1] [2]
Replacing Subsystem_2.$procdff$10009 ($adff): CLK=\clk, D=$0\cfblk186_reg[1][3:3], Q=\cfblk186_reg[1] [3]
Replacing Subsystem_2.$procdff$10008 ($adff): CLK=\clk, D=$0\cfblk186_reg[1][4:4], Q=\cfblk186_reg[1] [4]
Replacing Subsystem_2.$procdff$10007 ($adff): CLK=\clk, D=$0\cfblk186_reg[1][5:5], Q=\cfblk186_reg[1] [5]
Replacing Subsystem_2.$procdff$10006 ($adff): CLK=\clk, D=$0\cfblk186_reg[1][6:6], Q=\cfblk186_reg[1] [6]
Replacing Subsystem_2.$procdff$10005 ($adff): CLK=\clk, D=$0\cfblk186_reg[1][7:7], Q=\cfblk186_reg[1] [7]
Replacing Subsystem_2.$procdff$10004 ($adff): CLK=\clk, D=$0\emi_210_reg[0][0:0], Q=\emi_210_reg[0] [0]
Replacing Subsystem_2.$procdff$10003 ($adff): CLK=\clk, D=$0\emi_210_reg[0][1:1], Q=\emi_210_reg[0] [1]
Replacing Subsystem_2.$procdff$10002 ($adff): CLK=\clk, D=$0\emi_210_reg[0][2:2], Q=\emi_210_reg[0] [2]
Replacing Subsystem_2.$procdff$10001 ($adff): CLK=\clk, D=$0\emi_210_reg[0][3:3], Q=\emi_210_reg[0] [3]
Replacing Subsystem_2.$procdff$10000 ($adff): CLK=\clk, D=$0\emi_210_reg[0][4:4], Q=\emi_210_reg[0] [4]
Replacing Subsystem_1.$procdff$9930 ($adff): CLK=\clk, D=$0\emi_228_reg[1][7:0], Q=\emi_228_reg[1]
Replacing Subsystem_1.$procdff$9929 ($adff): CLK=\clk, D=$0\emi_228_reg[0][7:0], Q=\emi_228_reg[0]
Replacing Subsystem_1.$procdff$9924 ($adff): CLK=\clk, D=$0\emi_40_reg[1][7:0], Q=\emi_40_reg[1]
Replacing Subsystem_1.$procdff$9923 ($adff): CLK=\clk, D=$0\emi_40_reg[0][7:0], Q=\emi_40_reg[0]
Replacing Subsystem_1.$procdff$9918 ($adff): CLK=\clk, D=$0\cfblk178_reg[1][7:0], Q=\cfblk178_reg[1]
Replacing Subsystem_1.$procdff$9917 ($adff): CLK=\clk, D=$0\cfblk178_reg[0][7:0], Q=\cfblk178_reg[0]
Replacing Subsystem_1.$procdff$9906 ($adff): CLK=\clk, D=$0\cfblk197_reg[1][7:0], Q=\cfblk197_reg[1]
Replacing Subsystem_1.$procdff$9905 ($adff): CLK=\clk, D=$0\cfblk197_reg[0][7:0], Q=\cfblk197_reg[0]
Replacing Subsystem_1.$procdff$9900 ($adff): CLK=\clk, D=$0\emi_210_reg[1][7:0], Q=\emi_210_reg[1]
Replacing Subsystem_1.$procdff$9899 ($adff): CLK=\clk, D=$0\emi_210_reg[0][7:0], Q=\emi_210_reg[0]
Replacing Subsystem_1.$procdff$9894 ($adff): CLK=\clk, D=$0\cfblk186_reg[1][7:0], Q=\cfblk186_reg[1]
Replacing Subsystem_1.$procdff$9893 ($adff): CLK=\clk, D=$0\cfblk186_reg[0][7:0], Q=\cfblk186_reg[0]
Replacing Subsystem_1.$procdff$9882 ($adff): CLK=\clk, D=$0\cfblk198_reg[1][7:0], Q=\cfblk198_reg[1]
Replacing Subsystem_1.$procdff$9881 ($adff): CLK=\clk, D=$0\cfblk198_reg[0][7:0], Q=\cfblk198_reg[0]
Replacing Subsystem_1.$procdff$9858 ($adff): CLK=\clk, D=$0\cfblk182_reg[1][7:0], Q=\cfblk182_reg[1]
Replacing Subsystem_1.$procdff$9857 ($adff): CLK=\clk, D=$0\cfblk182_reg[0][7:0], Q=\cfblk182_reg[0]
Replacing Subsystem_1.$procdff$9852 ($adff): CLK=\clk, D=$0\emi_269_reg[1][7:0], Q=\emi_269_reg[1]
Replacing Subsystem_1.$procdff$9851 ($adff): CLK=\clk, D=$0\emi_269_reg[0][7:0], Q=\emi_269_reg[0]
Replacing Subsystem_1.$procdff$9834 ($adff): CLK=\clk, D=$0\cfblk183_reg[1][7:0], Q=\cfblk183_reg[1]
Replacing Subsystem_1.$procdff$9833 ($adff): CLK=\clk, D=$0\cfblk183_reg[0][7:0], Q=\cfblk183_reg[0]
Replacing Subsystem_1.$procdff$9828 ($adff): CLK=\clk, D=$0\emi_326_reg[1][7:0], Q=\emi_326_reg[1]
Replacing Subsystem_1.$procdff$9827 ($adff): CLK=\clk, D=$0\emi_326_reg[0][7:0], Q=\emi_326_reg[0]
Replacing Subsystem_1.$procdff$9822 ($adff): CLK=\clk, D=$0\emi_73_reg[1][7:0], Q=\emi_73_reg[1]
Replacing Subsystem_1.$procdff$9821 ($adff): CLK=\clk, D=$0\emi_73_reg[0][7:0], Q=\emi_73_reg[0]
Replacing Subsystem_1.$procdff$9816 ($adff): CLK=\clk, D=$0\cfblk171_reg[1][7:0], Q=\cfblk171_reg[1]
Replacing Subsystem_1.$procdff$9815 ($adff): CLK=\clk, D=$0\cfblk171_reg[0][7:0], Q=\cfblk171_reg[0]
Replacing Subsystem_1.$procdff$9810 ($adff): CLK=\clk, D=$0\emi_317_reg[1][7:0], Q=\emi_317_reg[1]
Replacing Subsystem_1.$procdff$9809 ($adff): CLK=\clk, D=$0\emi_317_reg[0][7:0], Q=\emi_317_reg[0]
Replacing Subsystem_1.$procdff$9798 ($adff): CLK=\clk, D=$0\cfblk192_reg[1][7:0], Q=\cfblk192_reg[1]
Replacing Subsystem_1.$procdff$9797 ($adff): CLK=\clk, D=$0\cfblk192_reg[0][7:0], Q=\cfblk192_reg[0]
Replacing Subsystem_1.$procdff$9792 ($adff): CLK=\clk, D=$0\cfblk184_reg[1][7:0], Q=\cfblk184_reg[1]
Replacing Subsystem_1.$procdff$9791 ($adff): CLK=\clk, D=$0\cfblk184_reg[0][7:0], Q=\cfblk184_reg[0]
Replacing Subsystem_1.$procdff$9786 ($adff): CLK=\clk, D=$0\cfblk173_reg[1][7:0], Q=\cfblk173_reg[1]
Replacing Subsystem_1.$procdff$9785 ($adff): CLK=\clk, D=$0\cfblk173_reg[0][7:0], Q=\cfblk173_reg[0]
Replacing Subsystem_1.$procdff$9768 ($adff): CLK=\clk, D=$0\cfblk191_reg[1][7:0], Q=\cfblk191_reg[1]
Replacing Subsystem_1.$procdff$9767 ($adff): CLK=\clk, D=$0\cfblk191_reg[0][7:0], Q=\cfblk191_reg[0]
Replacing Subsystem_1.$procdff$9762 ($adff): CLK=\clk, D=$0\emi_301_reg[1][7:0], Q=\emi_301_reg[1]
Replacing Subsystem_1.$procdff$9761 ($adff): CLK=\clk, D=$0\emi_301_reg[0][7:0], Q=\emi_301_reg[0]
Replacing Subsystem_1.$procdff$9756 ($adff): CLK=\clk, D=$0\cfblk185_reg[1][7:0], Q=\cfblk185_reg[1]
Replacing Subsystem_1.$procdff$9755 ($adff): CLK=\clk, D=$0\cfblk185_reg[0][7:0], Q=\cfblk185_reg[0]
Replacing Subsystem_1.$procdff$9750 ($adff): CLK=\clk, D=$0\emi_285_reg[1][7:0], Q=\emi_285_reg[1]
Replacing Subsystem_1.$procdff$9749 ($adff): CLK=\clk, D=$0\emi_285_reg[0][7:0], Q=\emi_285_reg[0]
Replacing Subsystem_1.$procdff$9744 ($adff): CLK=\clk, D=$0\emi_49_reg[1][7:0], Q=\emi_49_reg[1]
Replacing Subsystem_1.$procdff$9743 ($adff): CLK=\clk, D=$0\emi_49_reg[0][7:0], Q=\emi_49_reg[0]
Replacing Subsystem_1.$procdff$9732 ($adff): CLK=\clk, D=$0\cfblk180_reg[1][7:0], Q=\cfblk180_reg[1]
Replacing Subsystem_1.$procdff$9731 ($adff): CLK=\clk, D=$0\cfblk180_reg[0][7:0], Q=\cfblk180_reg[0]
Replacing Subsystem_1.$procdff$9726 ($adff): CLK=\clk, D=$0\cfblk179_reg[1][7:0], Q=\cfblk179_reg[1]
Replacing Subsystem_1.$procdff$9725 ($adff): CLK=\clk, D=$0\cfblk179_reg[0][7:0], Q=\cfblk179_reg[0]
Replacing Subsystem_1.$procdff$9720 ($adff): CLK=\clk, D=$0\cfblk176_reg[1][7:0], Q=\cfblk176_reg[1]
Replacing Subsystem_1.$procdff$9719 ($adff): CLK=\clk, D=$0\cfblk176_reg[0][7:0], Q=\cfblk176_reg[0]
Replacing Subsystem_1.$procdff$9714 ($adff): CLK=\clk, D=$0\emi_32_reg[1][7:0], Q=\emi_32_reg[1]
Replacing Subsystem_1.$procdff$9713 ($adff): CLK=\clk, D=$0\emi_32_reg[0][7:0], Q=\emi_32_reg[0]
Replacing Subsystem_1.$procdff$9708 ($adff): CLK=\clk, D=$0\cfblk181_reg[1][7:0], Q=\cfblk181_reg[1]
Replacing Subsystem_1.$procdff$9707 ($adff): CLK=\clk, D=$0\cfblk181_reg[0][7:0], Q=\cfblk181_reg[0]
Replacing Subsystem_1.$procdff$9690 ($adff): CLK=\clk, D=$0\cfblk196_reg[1][7:0], Q=\cfblk196_reg[1]
Replacing Subsystem_1.$procdff$9689 ($adff): CLK=\clk, D=$0\cfblk196_reg[0][7:0], Q=\cfblk196_reg[0]
Replacing Subsystem_1.$procdff$9684 ($adff): CLK=\clk, D=$0\cfblk172_reg[1][7:0], Q=\cfblk172_reg[1]
Replacing Subsystem_1.$procdff$9683 ($adff): CLK=\clk, D=$0\cfblk172_reg[0][7:0], Q=\cfblk172_reg[0]
Replacing Subsystem_1.$procdff$9672 ($adff): CLK=\clk, D=$0\emi_194_reg[1][7:0], Q=\emi_194_reg[1]
Replacing Subsystem_1.$procdff$9671 ($adff): CLK=\clk, D=$0\emi_194_reg[0][7:0], Q=\emi_194_reg[0]
Replacing Subsystem_1.$procdff$9666 ($adff): CLK=\clk, D=$0\emi_97_reg[1][7:0], Q=\emi_97_reg[1]
Replacing Subsystem_1.$procdff$9665 ($adff): CLK=\clk, D=$0\emi_97_reg[0][7:0], Q=\emi_97_reg[0]
Replacing Subsystem_1.$procdff$9664 ($adff): CLK=\clk, D=$0\emi_186_reg[1:0], Q=\emi_186_reg
Replacing Subsystem_1.$procdff$9663 ($adff): CLK=\clk, D=$0\emi_293_reg[1:0], Q=\emi_293_reg
Replacing Subsystem_1.$procdff$9658 ($adff): CLK=\clk, D=$0\emi_178_reg[1][7:0], Q=\emi_178_reg[1]
Replacing Subsystem_1.$procdff$9657 ($adff): CLK=\clk, D=$0\emi_178_reg[0][7:0], Q=\emi_178_reg[0]
Replacing Subsystem_1.$procdff$9652 ($adff): CLK=\clk, D=$0\emi_105_reg[1][7:0], Q=\emi_105_reg[1]
Replacing Subsystem_1.$procdff$9651 ($adff): CLK=\clk, D=$0\emi_105_reg[0][7:0], Q=\emi_105_reg[0]
Replacing Subsystem_1.$procdff$9640 ($adff): CLK=\clk, D=$0\cfblk190_reg[1][7:0], Q=\cfblk190_reg[1]
Replacing Subsystem_1.$procdff$9639 ($adff): CLK=\clk, D=$0\cfblk190_reg[0][7:0], Q=\cfblk190_reg[0]
Replacing Subsystem_1.$procdff$9622 ($adff): CLK=\clk, D=$0\cfblk194_reg[1][7:0], Q=\cfblk194_reg[1]
Replacing Subsystem_1.$procdff$9621 ($adff): CLK=\clk, D=$0\cfblk194_reg[0][7:0], Q=\cfblk194_reg[0]
Replacing Subsystem_1.$procdff$9616 ($adff): CLK=\clk, D=$0\cfblk177_reg[1][7:0], Q=\cfblk177_reg[1]
Replacing Subsystem_1.$procdff$9615 ($adff): CLK=\clk, D=$0\cfblk177_reg[0][7:0], Q=\cfblk177_reg[0]
Replacing Subsystem_1.$procdff$9610 ($adff): CLK=\clk, D=$0\cfblk189_reg[1][7:0], Q=\cfblk189_reg[1]
Replacing Subsystem_1.$procdff$9609 ($adff): CLK=\clk, D=$0\cfblk189_reg[0][7:0], Q=\cfblk189_reg[0]
Replacing Subsystem_1.$procdff$9604 ($adff): CLK=\clk, D=$0\cfblk188_reg[1][7:0], Q=\cfblk188_reg[1]
Replacing Subsystem_1.$procdff$9603 ($adff): CLK=\clk, D=$0\cfblk188_reg[0][7:0], Q=\cfblk188_reg[0]
Replacing Subsystem_1.$procdff$9598 ($adff): CLK=\clk, D=$0\emi_113_reg[1][7:0], Q=\emi_113_reg[1]
Replacing Subsystem_1.$procdff$9597 ($adff): CLK=\clk, D=$0\emi_113_reg[0][7:0], Q=\emi_113_reg[0]
Replacing Subsystem_1.$procdff$9592 ($adff): CLK=\clk, D=$0\cfblk187_reg[1][7:0], Q=\cfblk187_reg[1]
Replacing Subsystem_1.$procdff$9591 ($adff): CLK=\clk, D=$0\cfblk187_reg[0][7:0], Q=\cfblk187_reg[0]

6. Executing OPT_CLEAN pass (remove unused cells and wires).
Finding unused cells or wires in module \top..
Finding unused cells or wires in module \cfblk95..
Finding unused cells or wires in module \cfblk93..
Finding unused cells or wires in module \cfblk9..
Finding unused cells or wires in module \cfblk75..
Finding unused cells or wires in module \cfblk7..
Finding unused cells or wires in module \cfblk65..
Finding unused cells or wires in module \cfblk63_block..
Finding unused cells or wires in module \cfblk63..
Finding unused cells or wires in module \cfblk60..
Finding unused cells or wires in module \cfblk6..
Finding unused cells or wires in module \cfblk54..
Finding unused cells or wires in module \cfblk52..
Finding unused cells or wires in module \cfblk46..
Finding unused cells or wires in module \cfblk45..
Finding unused cells or wires in module \cfblk39_block..
Finding unused cells or wires in module \cfblk39..
Finding unused cells or wires in module \cfblk38..
Finding unused cells or wires in module \cfblk37..
Finding unused cells or wires in module \cfblk30..
Finding unused cells or wires in module \cfblk2_block..
Finding unused cells or wires in module \cfblk27..
Finding unused cells or wires in module \cfblk23..
Finding unused cells or wires in module \cfblk220..
Finding unused cells or wires in module \cfblk217..
Finding unused cells or wires in module \cfblk216..
Finding unused cells or wires in module \cfblk214..
Finding unused cells or wires in module \cfblk213..
Finding unused cells or wires in module \cfblk209..
Finding unused cells or wires in module \cfblk206..
Finding unused cells or wires in module \cfblk204..
Finding unused cells or wires in module \cfblk2..
Finding unused cells or wires in module \cfblk19..
Finding unused cells or wires in module \cfblk174..
Finding unused cells or wires in module \cfblk17..
Finding unused cells or wires in module \cfblk161..
Finding unused cells or wires in module \cfblk160..
Finding unused cells or wires in module \cfblk153_block..
Finding unused cells or wires in module \cfblk153..
Finding unused cells or wires in module \cfblk150..
Finding unused cells or wires in module \cfblk147..
Finding unused cells or wires in module \cfblk14..
Finding unused cells or wires in module \cfblk136..
Finding unused cells or wires in module \cfblk135..
Finding unused cells or wires in module \cfblk133..
Finding unused cells or wires in module \cfblk131..
Finding unused cells or wires in module \cfblk130_block..
Finding unused cells or wires in module \cfblk130..
Finding unused cells or wires in module \cfblk127..
Finding unused cells or wires in module \cfblk124..
Finding unused cells or wires in module \cfblk11_block..
Finding unused cells or wires in module \cfblk11..
Finding unused cells or wires in module \cfblk103_block..
Finding unused cells or wires in module \cfblk103..
Finding unused cells or wires in module \cfblk10..
Finding unused cells or wires in module \cfblk1..
Finding unused cells or wires in module \Subsystem_2..
Finding unused cells or wires in module \Subsystem_1..
Finding unused cells or wires in module \Nonpositive..
Finding unused cells or wires in module \DotProduct_block4..
Finding unused cells or wires in module \DotProduct_block3..
Finding unused cells or wires in module \DotProduct_block2..
Finding unused cells or wires in module \DotProduct_block1..
Finding unused cells or wires in module \DotProduct_block..
Finding unused cells or wires in module \DotProduct..
Removed 0 unused cells and 658 unused wires.
<suppressed ~43 debug messages>

7. Executing FORMALFF pass.

8. Executing OPT_CLEAN pass (remove unused cells and wires).
Finding unused cells or wires in module \DotProduct..
Finding unused cells or wires in module \DotProduct_block..
Finding unused cells or wires in module \DotProduct_block1..
Finding unused cells or wires in module \DotProduct_block2..
Finding unused cells or wires in module \DotProduct_block3..
Finding unused cells or wires in module \DotProduct_block4..
Finding unused cells or wires in module \Nonpositive..
Finding unused cells or wires in module \Subsystem_1..
Finding unused cells or wires in module \Subsystem_2..
Finding unused cells or wires in module \cfblk1..
Finding unused cells or wires in module \cfblk10..
Finding unused cells or wires in module \cfblk103..
Finding unused cells or wires in module \cfblk103_block..
Finding unused cells or wires in module \cfblk11..
Finding unused cells or wires in module \cfblk11_block..
Finding unused cells or wires in module \cfblk124..
Finding unused cells or wires in module \cfblk127..
Finding unused cells or wires in module \cfblk130..
Finding unused cells or wires in module \cfblk130_block..
Finding unused cells or wires in module \cfblk131..
Finding unused cells or wires in module \cfblk133..
Finding unused cells or wires in module \cfblk135..
Finding unused cells or wires in module \cfblk136..
Finding unused cells or wires in module \cfblk14..
Finding unused cells or wires in module \cfblk147..
Finding unused cells or wires in module \cfblk150..
Finding unused cells or wires in module \cfblk153..
Finding unused cells or wires in module \cfblk153_block..
Finding unused cells or wires in module \cfblk160..
Finding unused cells or wires in module \cfblk161..
Finding unused cells or wires in module \cfblk17..
Finding unused cells or wires in module \cfblk174..
Finding unused cells or wires in module \cfblk19..
Finding unused cells or wires in module \cfblk2..
Finding unused cells or wires in module \cfblk204..
Finding unused cells or wires in module \cfblk206..
Finding unused cells or wires in module \cfblk209..
Finding unused cells or wires in module \cfblk213..
Finding unused cells or wires in module \cfblk214..
Finding unused cells or wires in module \cfblk216..
Finding unused cells or wires in module \cfblk217..
Finding unused cells or wires in module \cfblk220..
Finding unused cells or wires in module \cfblk23..
Finding unused cells or wires in module \cfblk27..
Finding unused cells or wires in module \cfblk2_block..
Finding unused cells or wires in module \cfblk30..
Finding unused cells or wires in module \cfblk37..
Finding unused cells or wires in module \cfblk38..
Finding unused cells or wires in module \cfblk39..
Finding unused cells or wires in module \cfblk39_block..
Finding unused cells or wires in module \cfblk45..
Finding unused cells or wires in module \cfblk46..
Finding unused cells or wires in module \cfblk52..
Finding unused cells or wires in module \cfblk54..
Finding unused cells or wires in module \cfblk6..
Finding unused cells or wires in module \cfblk60..
Finding unused cells or wires in module \cfblk63..
Finding unused cells or wires in module \cfblk63_block..
Finding unused cells or wires in module \cfblk65..
Finding unused cells or wires in module \cfblk7..
Finding unused cells or wires in module \cfblk75..
Finding unused cells or wires in module \cfblk9..
Finding unused cells or wires in module \cfblk93..
Finding unused cells or wires in module \cfblk95..
Finding unused cells or wires in module \top..

9. Executing CHECK pass (checking for obvious problems).
Checking module DotProduct...
Checking module DotProduct_block...
Checking module DotProduct_block1...
Checking module DotProduct_block2...
Checking module DotProduct_block3...
Checking module DotProduct_block4...
Checking module Nonpositive...
Checking module Subsystem_1...
Checking module Subsystem_2...
Checking module cfblk1...
Checking module cfblk10...
Checking module cfblk103...
Checking module cfblk103_block...
Checking module cfblk11...
Checking module cfblk11_block...
Checking module cfblk124...
Checking module cfblk127...
Checking module cfblk130...
Checking module cfblk130_block...
Checking module cfblk131...
Checking module cfblk133...
Checking module cfblk135...
Checking module cfblk136...
Checking module cfblk14...
Checking module cfblk147...
Checking module cfblk150...
Checking module cfblk153...
Checking module cfblk153_block...
Checking module cfblk160...
Checking module cfblk161...
Checking module cfblk17...
Checking module cfblk174...
Checking module cfblk19...
Checking module cfblk2...
Checking module cfblk204...
Checking module cfblk206...
Checking module cfblk209...
Checking module cfblk213...
Checking module cfblk214...
Checking module cfblk216...
Checking module cfblk217...
Checking module cfblk220...
Checking module cfblk23...
Checking module cfblk27...
Checking module cfblk2_block...
Checking module cfblk30...
Checking module cfblk37...
Checking module cfblk38...
Checking module cfblk39...
Checking module cfblk39_block...
Checking module cfblk45...
Checking module cfblk46...
Checking module cfblk52...
Checking module cfblk54...
Checking module cfblk6...
Checking module cfblk60...
Checking module cfblk63...
Checking module cfblk63_block...
Checking module cfblk65...
Checking module cfblk7...
Checking module cfblk75...
Checking module cfblk9...
Checking module cfblk93...
Checking module cfblk95...
Checking module top...
Found and reported 0 problems.

10. Executing SETUNDEF pass (replace undef values with defined constants).

11. Executing OPT pass (performing simple optimizations).

11.1. Executing OPT_EXPR pass (perform const folding).
Optimizing module DotProduct.
Optimizing module DotProduct_block.
Optimizing module DotProduct_block1.
Optimizing module DotProduct_block2.
Optimizing module DotProduct_block3.
Optimizing module DotProduct_block4.
Optimizing module Nonpositive.
Optimizing module Subsystem_1.
<suppressed ~9 debug messages>
Optimizing module Subsystem_2.
Optimizing module cfblk1.
Optimizing module cfblk10.
Optimizing module cfblk103.
Optimizing module cfblk103_block.
Optimizing module cfblk11.
Optimizing module cfblk11_block.
Optimizing module cfblk124.
Optimizing module cfblk127.
Optimizing module cfblk130.
Optimizing module cfblk130_block.
Optimizing module cfblk131.
Optimizing module cfblk133.
Optimizing module cfblk135.
Optimizing module cfblk136.
<suppressed ~1 debug messages>
Optimizing module cfblk14.
Optimizing module cfblk147.
Optimizing module cfblk150.
Optimizing module cfblk153.
Optimizing module cfblk153_block.
Optimizing module cfblk160.
Optimizing module cfblk161.
Optimizing module cfblk17.
Optimizing module cfblk174.
Optimizing module cfblk19.
Optimizing module cfblk2.
Optimizing module cfblk204.
Optimizing module cfblk206.
Optimizing module cfblk209.
Optimizing module cfblk213.
Optimizing module cfblk214.
Optimizing module cfblk216.
Optimizing module cfblk217.
Optimizing module cfblk220.
Optimizing module cfblk23.
<suppressed ~1 debug messages>
Optimizing module cfblk27.
Optimizing module cfblk2_block.
Optimizing module cfblk30.
Optimizing module cfblk37.
Optimizing module cfblk38.
Optimizing module cfblk39.
Optimizing module cfblk39_block.
Optimizing module cfblk45.
Optimizing module cfblk46.
Optimizing module cfblk52.
Optimizing module cfblk54.
Optimizing module cfblk6.
Optimizing module cfblk60.
Optimizing module cfblk63.
Optimizing module cfblk63_block.
Optimizing module cfblk65.
Optimizing module cfblk7.
Optimizing module cfblk75.
Optimizing module cfblk9.
Optimizing module cfblk93.
Optimizing module cfblk95.
Optimizing module top.

11.2. Executing OPT_MERGE pass (detect identical cells).
Finding identical cells in module `\DotProduct'.
Finding identical cells in module `\DotProduct_block'.
Finding identical cells in module `\DotProduct_block1'.
Finding identical cells in module `\DotProduct_block2'.
Finding identical cells in module `\DotProduct_block3'.
Finding identical cells in module `\DotProduct_block4'.
Finding identical cells in module `\Nonpositive'.
Finding identical cells in module `\Subsystem_1'.
<suppressed ~729 debug messages>
Finding identical cells in module `\Subsystem_2'.
<suppressed ~4743 debug messages>
Finding identical cells in module `\cfblk1'.
Finding identical cells in module `\cfblk10'.
Finding identical cells in module `\cfblk103'.
Finding identical cells in module `\cfblk103_block'.
Finding identical cells in module `\cfblk11'.
Finding identical cells in module `\cfblk11_block'.
Finding identical cells in module `\cfblk124'.
Finding identical cells in module `\cfblk127'.
<suppressed ~9 debug messages>
Finding identical cells in module `\cfblk130'.
Finding identical cells in module `\cfblk130_block'.
Finding identical cells in module `\cfblk131'.
Finding identical cells in module `\cfblk133'.
Finding identical cells in module `\cfblk135'.
Finding identical cells in module `\cfblk136'.
Finding identical cells in module `\cfblk14'.
Finding identical cells in module `\cfblk147'.
Finding identical cells in module `\cfblk150'.
Finding identical cells in module `\cfblk153'.
Finding identical cells in module `\cfblk153_block'.
Finding identical cells in module `\cfblk160'.
Finding identical cells in module `\cfblk161'.
Finding identical cells in module `\cfblk17'.
Finding identical cells in module `\cfblk174'.
<suppressed ~18 debug messages>
Finding identical cells in module `\cfblk19'.
Finding identical cells in module `\cfblk2'.
Finding identical cells in module `\cfblk204'.
Finding identical cells in module `\cfblk206'.
Finding identical cells in module `\cfblk209'.
Finding identical cells in module `\cfblk213'.
Finding identical cells in module `\cfblk214'.
Finding identical cells in module `\cfblk216'.
Finding identical cells in module `\cfblk217'.
Finding identical cells in module `\cfblk220'.
Finding identical cells in module `\cfblk23'.
Finding identical cells in module `\cfblk27'.
Finding identical cells in module `\cfblk2_block'.
Finding identical cells in module `\cfblk30'.
<suppressed ~9 debug messages>
Finding identical cells in module `\cfblk37'.
Finding identical cells in module `\cfblk38'.
Finding identical cells in module `\cfblk39'.
Finding identical cells in module `\cfblk39_block'.
Finding identical cells in module `\cfblk45'.
Finding identical cells in module `\cfblk46'.
Finding identical cells in module `\cfblk52'.
Finding identical cells in module `\cfblk54'.
Finding identical cells in module `\cfblk6'.
Finding identical cells in module `\cfblk60'.
Finding identical cells in module `\cfblk63'.
Finding identical cells in module `\cfblk63_block'.
Finding identical cells in module `\cfblk65'.
<suppressed ~9 debug messages>
Finding identical cells in module `\cfblk7'.
Finding identical cells in module `\cfblk75'.
Finding identical cells in module `\cfblk9'.
Finding identical cells in module `\cfblk93'.
<suppressed ~9 debug messages>
Finding identical cells in module `\cfblk95'.
Finding identical cells in module `\top'.
<suppressed ~6 debug messages>
Removed a total of 1844 cells.

11.3. Executing OPT_DFF pass (perform DFF optimizations).

11.4. Executing OPT_CLEAN pass (remove unused cells and wires).
Finding unused cells or wires in module \DotProduct..
Finding unused cells or wires in module \DotProduct_block..
Finding unused cells or wires in module \DotProduct_block1..
Finding unused cells or wires in module \DotProduct_block2..
Finding unused cells or wires in module \DotProduct_block3..
Finding unused cells or wires in module \DotProduct_block4..
Finding unused cells or wires in module \Nonpositive..
Finding unused cells or wires in module \Subsystem_1..
Finding unused cells or wires in module \Subsystem_2..
Finding unused cells or wires in module \cfblk1..
Finding unused cells or wires in module \cfblk10..
Finding unused cells or wires in module \cfblk103..
Finding unused cells or wires in module \cfblk103_block..
Finding unused cells or wires in module \cfblk11..
Finding unused cells or wires in module \cfblk11_block..
Finding unused cells or wires in module \cfblk124..
Finding unused cells or wires in module \cfblk127..
Finding unused cells or wires in module \cfblk130..
Finding unused cells or wires in module \cfblk130_block..
Finding unused cells or wires in module \cfblk131..
Finding unused cells or wires in module \cfblk133..
Finding unused cells or wires in module \cfblk135..
Finding unused cells or wires in module \cfblk136..
Finding unused cells or wires in module \cfblk14..
Finding unused cells or wires in module \cfblk147..
Finding unused cells or wires in module \cfblk150..
Finding unused cells or wires in module \cfblk153..
Finding unused cells or wires in module \cfblk153_block..
Finding unused cells or wires in module \cfblk160..
Finding unused cells or wires in module \cfblk161..
Finding unused cells or wires in module \cfblk17..
Finding unused cells or wires in module \cfblk174..
Finding unused cells or wires in module \cfblk19..
Finding unused cells or wires in module \cfblk2..
Finding unused cells or wires in module \cfblk204..
Finding unused cells or wires in module \cfblk206..
Finding unused cells or wires in module \cfblk209..
Finding unused cells or wires in module \cfblk213..
Finding unused cells or wires in module \cfblk214..
Finding unused cells or wires in module \cfblk216..
Finding unused cells or wires in module \cfblk217..
Finding unused cells or wires in module \cfblk220..
Finding unused cells or wires in module \cfblk23..
Finding unused cells or wires in module \cfblk27..
Finding unused cells or wires in module \cfblk2_block..
Finding unused cells or wires in module \cfblk30..
Finding unused cells or wires in module \cfblk37..
Finding unused cells or wires in module \cfblk38..
Finding unused cells or wires in module \cfblk39..
Finding unused cells or wires in module \cfblk39_block..
Finding unused cells or wires in module \cfblk45..
Finding unused cells or wires in module \cfblk46..
Finding unused cells or wires in module \cfblk52..
Finding unused cells or wires in module \cfblk54..
Finding unused cells or wires in module \cfblk6..
Finding unused cells or wires in module \cfblk60..
Finding unused cells or wires in module \cfblk63..
Finding unused cells or wires in module \cfblk63_block..
Finding unused cells or wires in module \cfblk65..
Finding unused cells or wires in module \cfblk7..
Finding unused cells or wires in module \cfblk75..
Finding unused cells or wires in module \cfblk9..
Finding unused cells or wires in module \cfblk93..
Finding unused cells or wires in module \cfblk95..
Finding unused cells or wires in module \top..
Removed 977 unused cells and 2821 unused wires.
<suppressed ~1002 debug messages>

11.5. Finished fast OPT passes.

12. Executing OPT_CLEAN pass (remove unused cells and wires).
Finding unused cells or wires in module \DotProduct..
Finding unused cells or wires in module \DotProduct_block..
Finding unused cells or wires in module \DotProduct_block1..
Finding unused cells or wires in module \DotProduct_block2..
Finding unused cells or wires in module \DotProduct_block3..
Finding unused cells or wires in module \DotProduct_block4..
Finding unused cells or wires in module \Nonpositive..
Finding unused cells or wires in module \Subsystem_1..
Finding unused cells or wires in module \Subsystem_2..
Finding unused cells or wires in module \cfblk1..
Finding unused cells or wires in module \cfblk10..
Finding unused cells or wires in module \cfblk103..
Finding unused cells or wires in module \cfblk103_block..
Finding unused cells or wires in module \cfblk11..
Finding unused cells or wires in module \cfblk11_block..
Finding unused cells or wires in module \cfblk124..
Finding unused cells or wires in module \cfblk127..
Finding unused cells or wires in module \cfblk130..
Finding unused cells or wires in module \cfblk130_block..
Finding unused cells or wires in module \cfblk131..
Finding unused cells or wires in module \cfblk133..
Finding unused cells or wires in module \cfblk135..
Finding unused cells or wires in module \cfblk136..
Finding unused cells or wires in module \cfblk14..
Finding unused cells or wires in module \cfblk147..
Finding unused cells or wires in module \cfblk150..
Finding unused cells or wires in module \cfblk153..
Finding unused cells or wires in module \cfblk153_block..
Finding unused cells or wires in module \cfblk160..
Finding unused cells or wires in module \cfblk161..
Finding unused cells or wires in module \cfblk17..
Finding unused cells or wires in module \cfblk174..
Finding unused cells or wires in module \cfblk19..
Finding unused cells or wires in module \cfblk2..
Finding unused cells or wires in module \cfblk204..
Finding unused cells or wires in module \cfblk206..
Finding unused cells or wires in module \cfblk209..
Finding unused cells or wires in module \cfblk213..
Finding unused cells or wires in module \cfblk214..
Finding unused cells or wires in module \cfblk216..
Finding unused cells or wires in module \cfblk217..
Finding unused cells or wires in module \cfblk220..
Finding unused cells or wires in module \cfblk23..
Finding unused cells or wires in module \cfblk27..
Finding unused cells or wires in module \cfblk2_block..
Finding unused cells or wires in module \cfblk30..
Finding unused cells or wires in module \cfblk37..
Finding unused cells or wires in module \cfblk38..
Finding unused cells or wires in module \cfblk39..
Finding unused cells or wires in module \cfblk39_block..
Finding unused cells or wires in module \cfblk45..
Finding unused cells or wires in module \cfblk46..
Finding unused cells or wires in module \cfblk52..
Finding unused cells or wires in module \cfblk54..
Finding unused cells or wires in module \cfblk6..
Finding unused cells or wires in module \cfblk60..
Finding unused cells or wires in module \cfblk63..
Finding unused cells or wires in module \cfblk63_block..
Finding unused cells or wires in module \cfblk65..
Finding unused cells or wires in module \cfblk7..
Finding unused cells or wires in module \cfblk75..
Finding unused cells or wires in module \cfblk9..
Finding unused cells or wires in module \cfblk93..
Finding unused cells or wires in module \cfblk95..
Finding unused cells or wires in module \top..

13. Executing RTLIL backend.
Output filename: ../model/design_prep.il

End of script. Logfile hash: 265b426591, CPU: user 0.85s system 0.02s, MEM: 89.09 MB peak
Yosys 0.37+1 (git sha1 e1f4c5c9cbb, clang  -fPIC -Os)
Time spent: 29% 4x opt_clean (0 sec), 11% 1x opt_expr (0 sec), ...
